mode: set
github.com/imaanmzr/postchi/backend/internal/importexport/hash/request.go:12.40,43.2 4 1
github.com/imaanmzr/postchi/backend/internal/importexport/detect/detect.go:20.59,22.74 2 1
github.com/imaanmzr/postchi/backend/internal/importexport/detect/detect.go:22.74,24.3 1 1
github.com/imaanmzr/postchi/backend/internal/importexport/detect/detect.go:26.2,27.19 2 1
github.com/imaanmzr/postchi/backend/internal/importexport/detect/detect.go:27.19,29.3 1 1
github.com/imaanmzr/postchi/backend/internal/importexport/detect/detect.go:31.2,31.37 1 1
github.com/imaanmzr/postchi/backend/internal/importexport/detect/detect.go:31.37,33.45 2 1
github.com/imaanmzr/postchi/backend/internal/importexport/detect/detect.go:33.45,34.44 1 1
github.com/imaanmzr/postchi/backend/internal/importexport/detect/detect.go:34.44,36.5 1 1
github.com/imaanmzr/postchi/backend/internal/importexport/detect/detect.go:37.4,37.37 1 1
github.com/imaanmzr/postchi/backend/internal/importexport/detect/detect.go:37.37,42.72 2 1
github.com/imaanmzr/postchi/backend/internal/importexport/detect/detect.go:42.72,44.6 1 1
github.com/imaanmzr/postchi/backend/internal/importexport/detect/detect.go:46.4,46.37 1 1
github.com/imaanmzr/postchi/backend/internal/importexport/detect/detect.go:46.37,48.5 1 1
github.com/imaanmzr/postchi/backend/internal/importexport/detect/detect.go:49.4,49.37 1 1
github.com/imaanmzr/postchi/backend/internal/importexport/detect/detect.go:49.37,51.5 1 0
github.com/imaanmzr/postchi/backend/internal/importexport/detect/detect.go:55.2,55.49 1 1
github.com/imaanmzr/postchi/backend/internal/importexport/detect/detect.go:55.49,57.3 1 1
github.com/imaanmzr/postchi/backend/internal/importexport/detect/detect.go:58.2,58.82 1 1
github.com/imaanmzr/postchi/backend/internal/importexport/detect/detect.go:58.82,60.3 1 1
github.com/imaanmzr/postchi/backend/internal/importexport/detect/detect.go:62.2,62.75 1 1
github.com/imaanmzr/postchi/backend/internal/importexport/detect/detect.go:62.75,64.3 1 1
github.com/imaanmzr/postchi/backend/internal/importexport/detect/detect.go:65.2,65.39 1 1
github.com/imaanmzr/postchi/backend/internal/importexport/detect/detect.go:65.39,67.3 1 1
github.com/imaanmzr/postchi/backend/internal/importexport/detect/detect.go:68.2,68.22 1 0
github.com/imaanmzr/postchi/backend/internal/importexport/detect/detect.go:71.45,72.9 1 1
github.com/imaanmzr/postchi/backend/internal/importexport/detect/detect.go:73.75,74.30 1 1
github.com/imaanmzr/postchi/backend/internal/importexport/detect/detect.go:75.41,76.23 1 1
github.com/imaanmzr/postchi/backend/internal/importexport/detect/detect.go:77.10,78.23 1 1
github.com/imaanmzr/postchi/backend/internal/importexport/detect/detect.go:82.48,83.49 1 1
github.com/imaanmzr/postchi/backend/internal/importexport/detect/detect.go:83.49,85.49 2 1
github.com/imaanmzr/postchi/backend/internal/importexport/detect/detect.go:85.49,86.12 1 1
github.com/imaanmzr/postchi/backend/internal/importexport/detect/detect.go:88.3,88.58 1 1
github.com/imaanmzr/postchi/backend/internal/importexport/detect/detect.go:90.2,90.14 1 0
github.com/imaanmzr/postchi/backend/internal/importexport/bruno/parser.go:44.38,52.29 7 1
github.com/imaanmzr/postchi/backend/internal/importexport/bruno/parser.go:52.29,54.35 2 1
github.com/imaanmzr/postchi/backend/internal/importexport/bruno/parser.go:54.35,58.12 4 1
github.com/imaanmzr/postchi/backend/internal/importexport/bruno/parser.go:60.3,60.59 1 1
github.com/imaanmzr/postchi/backend/internal/importexport/bruno/parser.go:60.59,61.21 1 1
github.com/imaanmzr/postchi/backend/internal/importexport/bruno/parser.go:61.21,64.5 2 0
github.com/imaanmzr/postchi/backend/internal/importexport/bruno/parser.go:65.4,66.12 2 1
github.com/imaanmzr/postchi/backend/internal/importexport/bruno/parser.go:68.3,68.24 1 1
github.com/imaanmzr/postchi/backend/internal/importexport/bruno/parser.go:68.24,69.40 1 1
github.com/imaanmzr/postchi/backend/internal/importexport/bruno/parser.go:69.40,71.5 1 1
github.com/imaanmzr/postchi/backend/internal/importexport/bruno/parser.go:72.4,74.12 3 1
github.com/imaanmzr/postchi/backend/internal/importexport/bruno/parser.go:76.3,76.20 1 1
github.com/imaanmzr/postchi/backend/internal/importexport/bruno/parser.go:76.20,79.4 2 1
github.com/imaanmzr/postchi/backend/internal/importexport/bruno/parser.go:81.2,81.19 1 1
github.com/imaanmzr/postchi/backend/internal/importexport/bruno/parser.go:81.19,83.3 1 0
github.com/imaanmzr/postchi/backend/internal/importexport/bruno/parser.go:84.2,84.50 1 1
github.com/imaanmzr/postchi/backend/internal/importexport/bruno/parser.go:87.45,89.42 2 1
github.com/imaanmzr/postchi/backend/internal/importexport/bruno/parser.go:89.42,90.10 1 1
github.com/imaanmzr/postchi/backend/internal/importexport/bruno/parser.go:91.91,94.67 3 1
github.com/imaanmzr/postchi/backend/internal/importexport/bruno/parser.go:94.67,96.5 1 1
github.com/imaanmzr/postchi/backend/internal/importexport/bruno/parser.go:97.25,98.37 1 1
github.com/imaanmzr/postchi/backend/internal/importexport/bruno/parser.go:99.22,101.26 2 0
github.com/imaanmzr/postchi/backend/internal/importexport/bruno/parser.go:101.26,103.5 1 0
github.com/imaanmzr/postchi/backend/internal/importexport/bruno/parser.go:104.40,106.34 2 1
github.com/imaanmzr/postchi/backend/internal/importexport/bruno/parser.go:106.34,108.13 2 0
github.com/imaanmzr/postchi/backend/internal/importexport/bruno/parser.go:110.4,111.20 2 1
github.com/imaanmzr/postchi/backend/internal/importexport/bruno/parser.go:112.29,114.52 2 1
github.com/imaanmzr/postchi/backend/internal/importexport/bruno/parser.go:115.36,116.32 1 1
github.com/imaanmzr/postchi/backend/internal/importexport/bruno/parser.go:117.56,118.27 1 1
github.com/imaanmzr/postchi/backend/internal/importexport/bruno/parser.go:121.2,121.12 1 1
github.com/imaanmzr/postchi/backend/internal/importexport/bruno/parser.go:124.39,126.48 2 1
github.com/imaanmzr/postchi/backend/internal/importexport/bruno/parser.go:126.48,128.17 2 1
github.com/imaanmzr/postchi/backend/internal/importexport/bruno/parser.go:128.17,129.12 1 1
github.com/imaanmzr/postchi/backend/internal/importexport/bruno/parser.go:131.3,132.22 2 1
github.com/imaanmzr/postchi/backend/internal/importexport/bruno/parser.go:132.22,134.4 1 1
github.com/imaanmzr/postchi/backend/internal/importexport/bruno/parser.go:136.2,136.49 1 1
github.com/imaanmzr/postchi/backend/internal/importexport/bruno/parser.go:136.49,138.17 2 1
github.com/imaanmzr/postchi/backend/internal/importexport/bruno/parser.go:138.17,139.12 1 1
github.com/imaanmzr/postchi/backend/internal/importexport/bruno/parser.go:141.3,142.22 2 1
github.com/imaanmzr/postchi/backend/internal/importexport/bruno/parser.go:142.22,144.4 1 1
github.com/imaanmzr/postchi/backend/internal/importexport/bruno/parser.go:146.2,146.10 1 1
github.com/imaanmzr/postchi/backend/internal/importexport/bruno/parser.go:149.43,151.20 2 1
github.com/imaanmzr/postchi/backend/internal/importexport/bruno/parser.go:151.20,152.21 1 1
github.com/imaanmzr/postchi/backend/internal/importexport/bruno/parser.go:152.21,154.4 1 1
github.com/imaanmzr/postchi/backend/internal/importexport/bruno/parser.go:154.9,156.4 1 1
github.com/imaanmzr/postchi/backend/internal/importexport/bruno/parser.go:159.2,162.26 4 1
github.com/imaanmzr/postchi/backend/internal/importexport/bruno/parser.go:162.26,164.33 2 1
github.com/imaanmzr/postchi/backend/internal/importexport/bruno/parser.go:164.33,166.4 1 1
github.com/imaanmzr/postchi/backend/internal/importexport/bruno/parser.go:167.3,167.26 1 1
github.com/imaanmzr/postchi/backend/internal/importexport/bruno/parser.go:169.2,169.20 1 1
github.com/imaanmzr/postchi/backend/internal/importexport/bruno/parser.go:169.20,170.19 1 1
github.com/imaanmzr/postchi/backend/internal/importexport/bruno/parser.go:171.96,172.70 1 1
github.com/imaanmzr/postchi/backend/internal/importexport/bruno/parser.go:173.11,174.53 1 1
github.com/imaanmzr/postchi/backend/internal/importexport/bruno/parser.go:177.2,177.27 1 1
github.com/imaanmzr/postchi/backend/internal/importexport/bruno/parser.go:177.27,179.3 1 1
github.com/imaanmzr/postchi/backend/internal/importexport/bruno/parser.go:180.2,180.32 1 1
github.com/imaanmzr/postchi/backend/internal/importexport/bruno/parser.go:180.32,182.3 1 1
github.com/imaanmzr/postchi/backend/internal/importexport/bruno/parser.go:183.2,183.26 1 1
github.com/imaanmzr/postchi/backend/internal/importexport/bruno/parser.go:183.26,185.3 1 1
github.com/imaanmzr/postchi/backend/internal/importexport/bruno/parser.go:186.2,186.20 1 1
github.com/imaanmzr/postchi/backend/internal/importexport/bruno/parser.go:189.61,192.30 3 1
github.com/imaanmzr/postchi/backend/internal/importexport/bruno/parser.go:192.30,194.37 2 1
github.com/imaanmzr/postchi/backend/internal/importexport/bruno/parser.go:194.37,196.4 1 1
github.com/imaanmzr/postchi/backend/internal/importexport/bruno/parser.go:197.3,197.26 1 1
github.com/imaanmzr/postchi/backend/internal/importexport/bruno/parser.go:199.2,199.32 1 1
github.com/imaanmzr/postchi/backend/internal/importexport/bruno/parser.go:199.32,201.39 2 1
github.com/imaanmzr/postchi/backend/internal/importexport/bruno/parser.go:201.39,203.4 1 1
github.com/imaanmzr/postchi/backend/internal/importexport/bruno/parser.go:204.3,204.24 1 1
github.com/imaanmzr/postchi/backend/internal/importexport/bruno/parser.go:206.2,206.20 1 1
github.com/imaanmzr/postchi/backend/internal/importexport/bruno/parser.go:209.38,211.2 1 1
github.com/imaanmzr/postchi/backend/internal/importexport/bruno/parser.go:213.51,215.50 2 1
github.com/imaanmzr/postchi/backend/internal/importexport/bruno/parser.go:215.50,217.38 2 1
github.com/imaanmzr/postchi/backend/internal/importexport/bruno/parser.go:217.38,219.4 1 1
github.com/imaanmzr/postchi/backend/internal/importexport/bruno/parser.go:221.2,221.11 1 1
github.com/imaanmzr/postchi/backend/internal/importexport/bruno/parser.go:224.38,226.50 2 1
github.com/imaanmzr/postchi/backend/internal/importexport/bruno/parser.go:226.50,228.17 2 1
github.com/imaanmzr/postchi/backend/internal/importexport/bruno/parser.go:228.17,229.12 1 0
github.com/imaanmzr/postchi/backend/internal/importexport/bruno/parser.go:231.3,232.22 2 1
github.com/imaanmzr/postchi/backend/internal/importexport/bruno/parser.go:232.22,234.4 1 1
github.com/imaanmzr/postchi/backend/internal/importexport/bruno/parser.go:236.2,236.12 1 1
github.com/imaanmzr/postchi/backend/internal/importexport/bruno/parser.go:239.49,240.50 1 1
github.com/imaanmzr/postchi/backend/internal/importexport/bruno/parser.go:240.50,242.39 2 1
github.com/imaanmzr/postchi/backend/internal/importexport/bruno/parser.go:242.39,244.4 1 1
github.com/imaanmzr/postchi/backend/internal/importexport/bruno/parser.go:246.2,246.11 1 0
github.com/imaanmzr/postchi/backend/internal/importexport/gitsync/discover.go:34.89,36.16 2 1
github.com/imaanmzr/postchi/backend/internal/importexport/gitsync/discover.go:36.16,38.3 1 0
github.com/imaanmzr/postchi/backend/internal/importexport/gitsync/discover.go:39.2,40.33 2 1
github.com/imaanmzr/postchi/backend/internal/importexport/gitsync/discover.go:40.33,42.21 2 1
github.com/imaanmzr/postchi/backend/internal/importexport/gitsync/discover.go:42.21,43.12 1 0
github.com/imaanmzr/postchi/backend/internal/importexport/gitsync/discover.go:45.3,46.82 2 1
github.com/imaanmzr/postchi/backend/internal/importexport/gitsync/discover.go:46.82,47.12 1 0
github.com/imaanmzr/postchi/backend/internal/importexport/gitsync/discover.go:49.3,50.33 2 1
github.com/imaanmzr/postchi/backend/internal/importexport/gitsync/discover.go:50.33,55.4 1 0
github.com/imaanmzr/postchi/backend/internal/importexport/gitsync/discover.go:57.2,57.26 1 1
github.com/imaanmzr/postchi/backend/internal/importexport/gitsync/discover.go:57.26,59.3 1 0
github.com/imaanmzr/postchi/backend/internal/importexport/gitsync/discover.go:61.2,68.38 5 1
github.com/imaanmzr/postchi/backend/internal/importexport/gitsync/discover.go:68.38,70.28 2 1
github.com/imaanmzr/postchi/backend/internal/importexport/gitsync/discover.go:70.28,72.11 2 1
github.com/imaanmzr/postchi/backend/internal/importexport/gitsync/discover.go:73.33,74.18 1 1
github.com/imaanmzr/postchi/backend/internal/importexport/gitsync/discover.go:74.18,74.33 1 1
github.com/imaanmzr/postchi/backend/internal/importexport/gitsync/discover.go:75.22,77.11 2 0
github.com/imaanmzr/postchi/backend/internal/importexport/gitsync/discover.go:79.4,83.5 2 1
github.com/imaanmzr/postchi/backend/internal/importexport/gitsync/discover.go:86.2,86.12 1 1
github.com/imaanmzr/postchi/backend/internal/importexport/gitsync/discover.go:86.12,89.3 2 1
github.com/imaanmzr/postchi/backend/internal/importexport/gitsync/discover.go:91.2,93.30 3 1
github.com/imaanmzr/postchi/backend/internal/importexport/gitsync/discover.go:93.30,94.24 1 1
github.com/imaanmzr/postchi/backend/internal/importexport/gitsync/discover.go:94.24,96.4 1 0
github.com/imaanmzr/postchi/backend/internal/importexport/gitsync/discover.go:97.3,98.33 2 1
github.com/imaanmzr/postchi/backend/internal/importexport/gitsync/discover.go:98.33,103.4 1 0
github.com/imaanmzr/postchi/backend/internal/importexport/gitsync/discover.go:104.3,104.37 1 1
github.com/imaanmzr/postchi/backend/internal/importexport/gitsync/discover.go:106.2,106.19 1 1
github.com/imaanmzr/postchi/backend/internal/importexport/gitsync/discover.go:109.52,114.38 4 1
github.com/imaanmzr/postchi/backend/internal/importexport/gitsync/discover.go:114.38,116.24 2 1
github.com/imaanmzr/postchi/backend/internal/importexport/gitsync/discover.go:116.24,117.12 1 0
github.com/imaanmzr/postchi/backend/internal/importexport/gitsync/discover.go:119.3,123.5 1 1
github.com/imaanmzr/postchi/backend/internal/importexport/gitsync/discover.go:126.2,126.29 1 1
github.com/imaanmzr/postchi/backend/internal/importexport/gitsync/discover.go:126.29,127.25 1 1
github.com/imaanmzr/postchi/backend/internal/importexport/gitsync/discover.go:127.25,128.12 1 1
github.com/imaanmzr/postchi/backend/internal/importexport/gitsync/discover.go:130.3,131.39 2 1
github.com/imaanmzr/postchi/backend/internal/importexport/gitsync/discover.go:131.39,132.12 1 0
github.com/imaanmzr/postchi/backend/internal/importexport/gitsync/discover.go:134.3,135.17 2 1
github.com/imaanmzr/postchi/backend/internal/importexport/gitsync/discover.go:136.80,141.6 1 1
github.com/imaanmzr/postchi/backend/internal/importexport/gitsync/discover.go:144.2,144.14 1 1
github.com/imaanmzr/postchi/backend/internal/importexport/gitsync/discover.go:147.50,150.29 3 1
github.com/imaanmzr/postchi/backend/internal/importexport/gitsync/discover.go:150.29,152.31 2 1
github.com/imaanmzr/postchi/backend/internal/importexport/gitsync/discover.go:152.31,153.12 1 1
github.com/imaanmzr/postchi/backend/internal/importexport/gitsync/discover.go:155.3,156.17 2 1
github.com/imaanmzr/postchi/backend/internal/importexport/gitsync/discover.go:156.17,158.4 1 0
github.com/imaanmzr/postchi/backend/internal/importexport/gitsync/discover.go:159.3,160.16 2 1
github.com/imaanmzr/postchi/backend/internal/importexport/gitsync/discover.go:160.16,161.12 1 0
github.com/imaanmzr/postchi/backend/internal/importexport/gitsync/discover.go:163.3,164.29 2 1
github.com/imaanmzr/postchi/backend/internal/importexport/gitsync/discover.go:166.2,166.14 1 1
github.com/imaanmzr/postchi/backend/internal/importexport/gitsync/discover.go:169.120,171.29 2 1
github.com/imaanmzr/postchi/backend/internal/importexport/gitsync/discover.go:171.29,172.61 1 1
github.com/imaanmzr/postchi/backend/internal/importexport/gitsync/discover.go:172.61,173.12 1 1
github.com/imaanmzr/postchi/backend/internal/importexport/gitsync/discover.go:175.3,175.61 1 1
github.com/imaanmzr/postchi/backend/internal/importexport/gitsync/discover.go:175.61,176.12 1 1
github.com/imaanmzr/postchi/backend/internal/importexport/gitsync/discover.go:178.3,179.64 2 1
github.com/imaanmzr/postchi/backend/internal/importexport/gitsync/discover.go:179.64,180.12 1 0
github.com/imaanmzr/postchi/backend/internal/importexport/gitsync/discover.go:182.3,183.26 2 1
github.com/imaanmzr/postchi/backend/internal/importexport/gitsync/discover.go:185.2,185.12 1 1
github.com/imaanmzr/postchi/backend/internal/importexport/gitsync/discover.go:188.72,189.16 1 1
github.com/imaanmzr/postchi/backend/internal/importexport/gitsync/discover.go:189.16,190.75 1 1
github.com/imaanmzr/postchi/backend/internal/importexport/gitsync/discover.go:190.75,192.4 1 1
github.com/imaanmzr/postchi/backend/internal/importexport/gitsync/discover.go:193.3,193.34 1 1
github.com/imaanmzr/postchi/backend/internal/importexport/gitsync/discover.go:193.34,194.36 1 1
github.com/imaanmzr/postchi/backend/internal/importexport/gitsync/discover.go:194.36,195.13 1 1
github.com/imaanmzr/postchi/backend/internal/importexport/gitsync/discover.go:197.4,198.77 1 1
github.com/imaanmzr/postchi/backend/internal/importexport/gitsync/discover.go:198.77,200.5 1 1
github.com/imaanmzr/postchi/backend/internal/importexport/gitsync/discover.go:202.3,202.14 1 1
github.com/imaanmzr/postchi/backend/internal/importexport/gitsync/discover.go:204.2,204.34 1 1
github.com/imaanmzr/postchi/backend/internal/importexport/gitsync/discover.go:204.34,206.3 1 1
github.com/imaanmzr/postchi/backend/internal/importexport/gitsync/discover.go:207.2,207.33 1 0
github.com/imaanmzr/postchi/backend/internal/importexport/gitsync/discover.go:207.33,208.18 1 0
github.com/imaanmzr/postchi/backend/internal/importexport/gitsync/discover.go:208.18,209.12 1 0
github.com/imaanmzr/postchi/backend/internal/importexport/gitsync/discover.go:211.3,211.76 1 0
github.com/imaanmzr/postchi/backend/internal/importexport/gitsync/discover.go:211.76,213.4 1 0
github.com/imaanmzr/postchi/backend/internal/importexport/gitsync/discover.go:215.2,215.13 1 0
github.com/imaanmzr/postchi/backend/internal/importexport/gitsync/discover.go:218.61,220.2 1 1
github.com/imaanmzr/postchi/backend/internal/importexport/gitsync/discover.go:222.61,225.45 3 1
github.com/imaanmzr/postchi/backend/internal/importexport/gitsync/discover.go:225.45,227.3 1 1
github.com/imaanmzr/postchi/backend/internal/importexport/gitsync/discover.go:228.2,228.30 1 1
github.com/imaanmzr/postchi/backend/internal/importexport/gitsync/discover.go:228.30,230.3 1 1
github.com/imaanmzr/postchi/backend/internal/importexport/gitsync/discover.go:231.2,231.55 1 1
github.com/imaanmzr/postchi/backend/internal/importexport/gitsync/discover.go:234.62,235.29 1 1
github.com/imaanmzr/postchi/backend/internal/importexport/gitsync/discover.go:235.29,236.38 1 1
github.com/imaanmzr/postchi/backend/internal/importexport/gitsync/discover.go:236.38,238.4 1 1
github.com/imaanmzr/postchi/backend/internal/importexport/gitsync/discover.go:240.2,240.14 1 1
github.com/imaanmzr/postchi/backend/internal/importexport/opencollection/parser.go:77.41,79.37 2 1
github.com/imaanmzr/postchi/backend/internal/importexport/opencollection/parser.go:79.37,83.72 2 1
github.com/imaanmzr/postchi/backend/internal/importexport/opencollection/parser.go:83.72,85.4 1 1
github.com/imaanmzr/postchi/backend/internal/importexport/opencollection/parser.go:86.3,86.15 1 0
github.com/imaanmzr/postchi/backend/internal/importexport/opencollection/parser.go:88.2,91.71 2 1
github.com/imaanmzr/postchi/backend/internal/importexport/opencollection/parser.go:91.71,93.3 1 1
github.com/imaanmzr/postchi/backend/internal/importexport/opencollection/parser.go:94.2,94.14 1 1
github.com/imaanmzr/postchi/backend/internal/importexport/opencollection/parser.go:97.51,100.37 3 1
github.com/imaanmzr/postchi/backend/internal/importexport/opencollection/parser.go:100.37,101.52 1 1
github.com/imaanmzr/postchi/backend/internal/importexport/opencollection/parser.go:101.52,103.4 1 0
github.com/imaanmzr/postchi/backend/internal/importexport/opencollection/parser.go:104.8,104.58 1 1
github.com/imaanmzr/postchi/backend/internal/importexport/opencollection/parser.go:104.58,106.3 1 1
github.com/imaanmzr/postchi/backend/internal/importexport/opencollection/parser.go:107.2,112.24 2 1
github.com/imaanmzr/postchi/backend/internal/importexport/opencollection/parser.go:112.24,114.43 2 1
github.com/imaanmzr/postchi/backend/internal/importexport/opencollection/parser.go:114.43,118.4 1 1
github.com/imaanmzr/postchi/backend/internal/importexport/opencollection/parser.go:120.2,121.20 2 1
github.com/imaanmzr/postchi/backend/internal/importexport/opencollection/parser.go:121.20,123.3 1 0
github.com/imaanmzr/postchi/backend/internal/importexport/opencollection/parser.go:124.2,124.17 1 1
github.com/imaanmzr/postchi/backend/internal/importexport/opencollection/parser.go:127.92,128.29 1 1
github.com/imaanmzr/postchi/backend/internal/importexport/opencollection/parser.go:128.29,130.26 2 1
github.com/imaanmzr/postchi/backend/internal/importexport/opencollection/parser.go:130.26,131.100 1 0
github.com/imaanmzr/postchi/backend/internal/importexport/opencollection/parser.go:131.100,133.5 1 0
github.com/imaanmzr/postchi/backend/internal/importexport/opencollection/parser.go:135.3,135.82 1 1
github.com/imaanmzr/postchi/backend/internal/importexport/opencollection/parser.go:135.82,143.12 4 1
github.com/imaanmzr/postchi/backend/internal/importexport/opencollection/parser.go:145.3,145.49 1 1
github.com/imaanmzr/postchi/backend/internal/importexport/opencollection/parser.go:145.49,146.27 1 0
github.com/imaanmzr/postchi/backend/internal/importexport/opencollection/parser.go:146.27,150.5 3 0
github.com/imaanmzr/postchi/backend/internal/importexport/opencollection/parser.go:151.4,151.12 1 0
github.com/imaanmzr/postchi/backend/internal/importexport/opencollection/parser.go:153.3,154.82 2 1
github.com/imaanmzr/postchi/backend/internal/importexport/opencollection/parser.go:154.82,156.4 1 1
github.com/imaanmzr/postchi/backend/internal/importexport/opencollection/parser.go:157.3,165.39 2 1
github.com/imaanmzr/postchi/backend/internal/importexport/opencollection/parser.go:165.39,167.4 1 1
github.com/imaanmzr/postchi/backend/internal/importexport/opencollection/parser.go:168.3,168.38 1 1
github.com/imaanmzr/postchi/backend/internal/importexport/opencollection/parser.go:168.38,170.35 2 1
github.com/imaanmzr/postchi/backend/internal/importexport/opencollection/parser.go:171.16,172.44 1 1
github.com/imaanmzr/postchi/backend/internal/importexport/opencollection/parser.go:173.12,174.40 1 0
github.com/imaanmzr/postchi/backend/internal/importexport/opencollection/parser.go:177.3,177.28 1 1
github.com/imaanmzr/postchi/backend/internal/importexport/opencollection/parser.go:177.28,179.4 1 1
github.com/imaanmzr/postchi/backend/internal/importexport/opencollection/parser.go:180.3,180.49 1 1
github.com/imaanmzr/postchi/backend/internal/importexport/opencollection/parser.go:184.45,186.14 2 1
github.com/imaanmzr/postchi/backend/internal/importexport/opencollection/parser.go:187.14,188.79 1 1
github.com/imaanmzr/postchi/backend/internal/importexport/opencollection/parser.go:189.29,190.77 1 1
github.com/imaanmzr/postchi/backend/internal/importexport/opencollection/parser.go:191.33,192.63 1 1
github.com/imaanmzr/postchi/backend/internal/importexport/opencollection/parser.go:193.37,194.66 1 1
github.com/imaanmzr/postchi/backend/internal/importexport/opencollection/parser.go:195.10,197.33 2 0
github.com/imaanmzr/postchi/backend/internal/importexport/opencollection/parser.go:197.33,199.4 1 0
github.com/imaanmzr/postchi/backend/internal/importexport/opencollection/parser.go:200.3,200.66 1 0
github.com/imaanmzr/postchi/backend/internal/importexport/opencollection/parser.go:204.29,205.23 1 1
github.com/imaanmzr/postchi/backend/internal/importexport/opencollection/parser.go:206.14,207.11 1 1
github.com/imaanmzr/postchi/backend/internal/importexport/opencollection/parser.go:208.11,209.12 1 0
github.com/imaanmzr/postchi/backend/internal/importexport/opencollection/parser.go:210.10,211.19 1 1
github.com/imaanmzr/postchi/backend/internal/importexport/opencollection/parser.go:215.27,216.14 1 1
github.com/imaanmzr/postchi/backend/internal/importexport/opencollection/parser.go:216.14,218.3 1 0
github.com/imaanmzr/postchi/backend/internal/importexport/opencollection/parser.go:219.2,220.16 2 1
github.com/imaanmzr/postchi/backend/internal/importexport/opencollection/parser.go:220.16,222.3 1 0
github.com/imaanmzr/postchi/backend/internal/importexport/opencollection/parser.go:223.2,223.18 1 1
github.com/imaanmzr/postchi/backend/internal/importexport/opencollection/parser.go:226.73,227.17 1 1
github.com/imaanmzr/postchi/backend/internal/importexport/opencollection/parser.go:227.17,229.3 1 1
github.com/imaanmzr/postchi/backend/internal/importexport/opencollection/parser.go:230.2,230.50 1 1
github.com/imaanmzr/postchi/backend/internal/importexport/opencollection/parser.go:230.50,232.3 1 1
github.com/imaanmzr/postchi/backend/internal/importexport/opencollection/parser.go:233.2,234.55 2 1
github.com/imaanmzr/postchi/backend/internal/importexport/opencollection/parser.go:234.55,236.3 1 0
github.com/imaanmzr/postchi/backend/internal/importexport/opencollection/parser.go:237.2,237.15 1 1
github.com/imaanmzr/postchi/backend/internal/importexport/opencollection/parser.go:240.46,241.17 1 1
github.com/imaanmzr/postchi/backend/internal/importexport/opencollection/parser.go:241.17,243.3 1 1
github.com/imaanmzr/postchi/backend/internal/importexport/opencollection/parser.go:244.2,244.32 1 1
github.com/imaanmzr/postchi/backend/internal/importexport/opencollection/parser.go:244.32,245.21 1 1
github.com/imaanmzr/postchi/backend/internal/importexport/opencollection/parser.go:245.21,247.4 1 1
github.com/imaanmzr/postchi/backend/internal/importexport/opencollection/parser.go:248.3,248.40 1 0
github.com/imaanmzr/postchi/backend/internal/importexport/opencollection/parser.go:250.2,251.16 2 1
github.com/imaanmzr/postchi/backend/internal/importexport/opencollection/parser.go:251.16,253.3 1 0
github.com/imaanmzr/postchi/backend/internal/importexport/opencollection/parser.go:254.2,255.50 2 1
github.com/imaanmzr/postchi/backend/internal/importexport/opencollection/parser.go:255.50,257.3 1 0
github.com/imaanmzr/postchi/backend/internal/importexport/opencollection/parser.go:258.2,258.24 1 1
github.com/imaanmzr/postchi/backend/internal/importexport/opencollection/parser.go:261.45,262.73 1 1
github.com/imaanmzr/postchi/backend/internal/importexport/opencollection/parser.go:262.73,264.3 1 0
github.com/imaanmzr/postchi/backend/internal/importexport/opencollection/parser.go:265.2,266.16 2 1
github.com/imaanmzr/postchi/backend/internal/importexport/opencollection/parser.go:267.16,268.32 1 1
github.com/imaanmzr/postchi/backend/internal/importexport/opencollection/parser.go:269.15,271.38 2 1
github.com/imaanmzr/postchi/backend/internal/importexport/opencollection/parser.go:273.2,273.12 1 1
github.com/imaanmzr/postchi/backend/internal/importexport/opencollection/parser.go:276.28,277.14 1 1
github.com/imaanmzr/postchi/backend/internal/importexport/opencollection/parser.go:277.14,279.3 1 1
github.com/imaanmzr/postchi/backend/internal/importexport/opencollection/parser.go:280.2,280.11 1 1
github.com/imaanmzr/postchi/backend/internal/importexport/validate/validate.go:11.46,13.37 2 1
github.com/imaanmzr/postchi/backend/internal/importexport/validate/validate.go:13.37,15.3 1 1
github.com/imaanmzr/postchi/backend/internal/importexport/validate/validate.go:16.2,16.14 1 1
github.com/imaanmzr/postchi/backend/internal/importexport/validate/validate.go:19.45,20.29 1 1
github.com/imaanmzr/postchi/backend/internal/importexport/validate/validate.go:20.29,22.3 1 1
github.com/imaanmzr/postchi/backend/internal/importexport/validate/validate.go:23.2,23.12 1 1
github.com/imaanmzr/postchi/backend/internal/importexport/validate/validate.go:26.54,27.94 1 1
github.com/imaanmzr/postchi/backend/internal/importexport/validate/validate.go:27.94,28.81 1 1
github.com/imaanmzr/postchi/backend/internal/importexport/validate/validate.go:28.81,30.4 1 1
github.com/imaanmzr/postchi/backend/internal/importexport/validate/validate.go:32.2,32.14 1 1
github.com/imaanmzr/postchi/backend/internal/importexport/validate/validate.go:35.60,36.32 1 1
github.com/imaanmzr/postchi/backend/internal/importexport/validate/validate.go:36.32,38.3 1 1
github.com/imaanmzr/postchi/backend/internal/importexport/validate/validate.go:39.2,39.42 1 1
github.com/imaanmzr/postchi/backend/internal/importexport/validate/validate.go:39.42,41.3 1 1
github.com/imaanmzr/postchi/backend/internal/importexport/validate/validate.go:42.2,42.54 1 0
github.com/imaanmzr/postchi/backend/internal/importexport/validate/validate.go:45.49,46.43 1 1
github.com/imaanmzr/postchi/backend/internal/importexport/validate/validate.go:46.43,48.3 1 0
github.com/imaanmzr/postchi/backend/internal/importexport/validate/validate.go:49.2,49.75 1 1
github.com/imaanmzr/postchi/backend/internal/importexport/validate/validate.go:49.75,50.47 1 1
github.com/imaanmzr/postchi/backend/internal/importexport/validate/validate.go:50.47,51.94 1 1
github.com/imaanmzr/postchi/backend/internal/importexport/validate/validate.go:51.94,53.5 1 0
github.com/imaanmzr/postchi/backend/internal/importexport/validate/validate.go:54.4,54.14 1 1
github.com/imaanmzr/postchi/backend/internal/importexport/validate/validate.go:57.2,57.51 1 1
github.com/imaanmzr/postchi/backend/internal/importexport/openapi/importer.go:31.67,34.16 3 1
github.com/imaanmzr/postchi/backend/internal/importexport/openapi/importer.go:34.16,36.3 1 0
github.com/imaanmzr/postchi/backend/internal/importexport/openapi/importer.go:37.2,38.16 2 1
github.com/imaanmzr/postchi/backend/internal/importexport/openapi/importer.go:38.16,40.17 2 1
github.com/imaanmzr/postchi/backend/internal/importexport/openapi/importer.go:40.17,42.4 1 0
github.com/imaanmzr/postchi/backend/internal/importexport/openapi/importer.go:44.2,45.26 2 1
github.com/imaanmzr/postchi/backend/internal/importexport/openapi/importer.go:45.26,49.3 1 0
github.com/imaanmzr/postchi/backend/internal/importexport/openapi/importer.go:50.2,52.42 3 1
github.com/imaanmzr/postchi/backend/internal/importexport/openapi/importer.go:52.42,53.45 1 1
github.com/imaanmzr/postchi/backend/internal/importexport/openapi/importer.go:53.45,54.17 1 1
github.com/imaanmzr/postchi/backend/internal/importexport/openapi/importer.go:54.17,55.13 1 0
github.com/imaanmzr/postchi/backend/internal/importexport/openapi/importer.go:57.4,66.18 3 1
github.com/imaanmzr/postchi/backend/internal/importexport/openapi/importer.go:66.18,69.5 2 0
github.com/imaanmzr/postchi/backend/internal/importexport/openapi/importer.go:70.4,70.22 1 1
github.com/imaanmzr/postchi/backend/internal/importexport/openapi/importer.go:70.22,72.5 1 0
github.com/imaanmzr/postchi/backend/internal/importexport/openapi/importer.go:73.4,74.18 2 1
github.com/imaanmzr/postchi/backend/internal/importexport/openapi/importer.go:74.18,76.5 1 1
github.com/imaanmzr/postchi/backend/internal/importexport/openapi/importer.go:77.4,77.18 1 1
github.com/imaanmzr/postchi/backend/internal/importexport/openapi/importer.go:77.18,79.5 1 1
github.com/imaanmzr/postchi/backend/internal/importexport/openapi/importer.go:80.4,80.36 1 1
github.com/imaanmzr/postchi/backend/internal/importexport/openapi/importer.go:80.36,81.23 1 1
github.com/imaanmzr/postchi/backend/internal/importexport/openapi/importer.go:81.23,82.14 1 0
github.com/imaanmzr/postchi/backend/internal/importexport/openapi/importer.go:84.5,85.18 2 1
github.com/imaanmzr/postchi/backend/internal/importexport/openapi/importer.go:86.18,87.93 1 0
github.com/imaanmzr/postchi/backend/internal/importexport/openapi/importer.go:88.19,89.95 1 0
github.com/imaanmzr/postchi/backend/internal/importexport/openapi/importer.go:90.17,91.97 1 1
github.com/imaanmzr/postchi/backend/internal/importexport/openapi/importer.go:94.4,94.60 1 1
github.com/imaanmzr/postchi/backend/internal/importexport/openapi/importer.go:94.60,96.5 1 1
github.com/imaanmzr/postchi/backend/internal/importexport/openapi/importer.go:97.4,102.7 6 1
github.com/imaanmzr/postchi/backend/internal/importexport/openapi/importer.go:105.2,109.8 1 1
github.com/imaanmzr/postchi/backend/internal/importexport/openapi/importer.go:112.69,113.39 1 1
github.com/imaanmzr/postchi/backend/internal/importexport/openapi/importer.go:113.39,115.3 1 0
github.com/imaanmzr/postchi/backend/internal/importexport/openapi/importer.go:118.2,119.32 2 1
github.com/imaanmzr/postchi/backend/internal/importexport/openapi/importer.go:119.32,121.19 2 1
github.com/imaanmzr/postchi/backend/internal/importexport/openapi/importer.go:121.19,122.12 1 0
github.com/imaanmzr/postchi/backend/internal/importexport/openapi/importer.go:124.3,124.35 1 1
github.com/imaanmzr/postchi/backend/internal/importexport/openapi/importer.go:124.35,126.49 2 1
github.com/imaanmzr/postchi/backend/internal/importexport/openapi/importer.go:126.49,129.5 2 0
github.com/imaanmzr/postchi/backend/internal/importexport/openapi/importer.go:130.4,130.56 1 1
github.com/imaanmzr/postchi/backend/internal/importexport/openapi/importer.go:130.56,131.114 1 1
github.com/imaanmzr/postchi/backend/internal/importexport/openapi/importer.go:131.114,134.6 2 1
github.com/imaanmzr/postchi/backend/internal/importexport/openapi/importer.go:136.4,137.15 2 0
github.com/imaanmzr/postchi/backend/internal/importexport/openapi/importer.go:139.3,139.48 1 1
github.com/imaanmzr/postchi/backend/internal/importexport/openapi/importer.go:139.48,141.4 1 1
github.com/imaanmzr/postchi/backend/internal/importexport/openapi/importer.go:142.3,142.42 1 1
github.com/imaanmzr/postchi/backend/internal/importexport/openapi/importer.go:142.42,144.4 1 1
github.com/imaanmzr/postchi/backend/internal/importexport/openapi/importer.go:147.2,147.39 1 0
github.com/imaanmzr/postchi/backend/internal/importexport/openapi/importer.go:150.60,152.26 2 1
github.com/imaanmzr/postchi/backend/internal/importexport/openapi/importer.go:152.26,154.3 1 1
github.com/imaanmzr/postchi/backend/internal/importexport/openapi/importer.go:155.2,156.14 2 1
github.com/imaanmzr/postchi/backend/internal/importexport/openapi/importer.go:159.57,160.18 1 1
github.com/imaanmzr/postchi/backend/internal/importexport/openapi/importer.go:160.18,162.3 1 0
github.com/imaanmzr/postchi/backend/internal/importexport/openapi/importer.go:163.2,163.26 1 1
github.com/imaanmzr/postchi/backend/internal/importexport/openapi/importer.go:163.26,164.56 1 0
github.com/imaanmzr/postchi/backend/internal/importexport/openapi/importer.go:164.56,166.4 1 0
github.com/imaanmzr/postchi/backend/internal/importexport/openapi/importer.go:168.2,168.91 1 1
github.com/imaanmzr/postchi/backend/internal/importexport/openapi/importer.go:168.91,169.69 1 0
github.com/imaanmzr/postchi/backend/internal/importexport/openapi/importer.go:169.69,171.4 1 0
github.com/imaanmzr/postchi/backend/internal/importexport/openapi/importer.go:173.2,173.36 1 1
github.com/imaanmzr/postchi/backend/internal/importexport/openapi/importer.go:173.36,174.60 1 0
github.com/imaanmzr/postchi/backend/internal/importexport/openapi/importer.go:174.60,175.58 1 0
github.com/imaanmzr/postchi/backend/internal/importexport/openapi/importer.go:175.58,177.5 1 0
github.com/imaanmzr/postchi/backend/internal/importexport/openapi/importer.go:180.2,180.11 1 1
github.com/imaanmzr/postchi/backend/internal/importexport/openapi/importer.go:183.59,184.70 1 1
github.com/imaanmzr/postchi/backend/internal/importexport/openapi/importer.go:184.70,186.3 1 0
github.com/imaanmzr/postchi/backend/internal/importexport/openapi/importer.go:187.2,189.21 3 1
github.com/imaanmzr/postchi/backend/internal/importexport/openapi/importer.go:189.21,191.3 1 0
github.com/imaanmzr/postchi/backend/internal/importexport/openapi/importer.go:192.2,193.23 2 1
github.com/imaanmzr/postchi/backend/internal/importexport/openapi/importer.go:193.23,195.3 1 1
github.com/imaanmzr/postchi/backend/internal/importexport/openapi/importer.go:196.2,197.25 2 1
github.com/imaanmzr/postchi/backend/internal/importexport/openapi/importer.go:197.25,200.37 3 1
github.com/imaanmzr/postchi/backend/internal/importexport/openapi/importer.go:200.37,201.50 1 1
github.com/imaanmzr/postchi/backend/internal/importexport/openapi/importer.go:201.50,203.5 1 1
github.com/imaanmzr/postchi/backend/internal/importexport/openapi/importer.go:205.3,205.35 1 1
github.com/imaanmzr/postchi/backend/internal/importexport/openapi/importer.go:207.2,207.33 1 1
github.com/imaanmzr/postchi/backend/internal/importexport/openapi/importer.go:210.47,211.14 1 1
github.com/imaanmzr/postchi/backend/internal/importexport/openapi/importer.go:211.14,213.3 1 0
github.com/imaanmzr/postchi/backend/internal/importexport/openapi/importer.go:214.2,214.22 1 1
github.com/imaanmzr/postchi/backend/internal/importexport/openapi/importer.go:214.22,216.3 1 1
github.com/imaanmzr/postchi/backend/internal/importexport/openapi/importer.go:217.2,217.22 1 1
github.com/imaanmzr/postchi/backend/internal/importexport/openapi/importer.go:217.22,219.3 1 1
github.com/imaanmzr/postchi/backend/internal/importexport/openapi/importer.go:220.2,220.21 1 1
github.com/imaanmzr/postchi/backend/internal/importexport/openapi/importer.go:220.21,222.3 1 1
github.com/imaanmzr/postchi/backend/internal/importexport/openapi/importer.go:223.2,223.22 1 1
github.com/imaanmzr/postchi/backend/internal/importexport/openapi/importer.go:223.22,225.31 2 0
github.com/imaanmzr/postchi/backend/internal/importexport/openapi/importer.go:225.31,226.38 1 0
github.com/imaanmzr/postchi/backend/internal/importexport/openapi/importer.go:226.38,227.13 1 0
github.com/imaanmzr/postchi/backend/internal/importexport/openapi/importer.go:229.4,229.67 1 0
github.com/imaanmzr/postchi/backend/internal/importexport/openapi/importer.go:229.67,230.27 1 0
github.com/imaanmzr/postchi/backend/internal/importexport/openapi/importer.go:230.27,232.6 1 0
github.com/imaanmzr/postchi/backend/internal/importexport/openapi/importer.go:235.3,235.22 1 0
github.com/imaanmzr/postchi/backend/internal/importexport/openapi/importer.go:235.22,237.4 1 0
github.com/imaanmzr/postchi/backend/internal/importexport/openapi/importer.go:239.2,239.70 1 1
github.com/imaanmzr/postchi/backend/internal/importexport/openapi/importer.go:239.70,241.3 1 0
github.com/imaanmzr/postchi/backend/internal/importexport/openapi/importer.go:242.2,242.70 1 1
github.com/imaanmzr/postchi/backend/internal/importexport/openapi/importer.go:242.70,244.3 1 0
github.com/imaanmzr/postchi/backend/internal/importexport/openapi/importer.go:245.2,245.39 1 1
github.com/imaanmzr/postchi/backend/internal/importexport/openapi/importer.go:245.39,246.23 1 1
github.com/imaanmzr/postchi/backend/internal/importexport/openapi/importer.go:247.17,250.32 3 1
github.com/imaanmzr/postchi/backend/internal/importexport/openapi/importer.go:250.32,252.5 1 1
github.com/imaanmzr/postchi/backend/internal/importexport/openapi/importer.go:253.4,254.27 2 1
github.com/imaanmzr/postchi/backend/internal/importexport/openapi/importer.go:254.27,256.39 2 1
github.com/imaanmzr/postchi/backend/internal/importexport/openapi/importer.go:256.39,257.14 1 0
github.com/imaanmzr/postchi/backend/internal/importexport/openapi/importer.go:259.5,259.41 1 1
github.com/imaanmzr/postchi/backend/internal/importexport/openapi/importer.go:261.4,261.14 1 1
github.com/imaanmzr/postchi/backend/internal/importexport/openapi/importer.go:262.16,263.46 1 1
github.com/imaanmzr/postchi/backend/internal/importexport/openapi/importer.go:263.46,265.5 1 1
github.com/imaanmzr/postchi/backend/internal/importexport/openapi/importer.go:266.4,266.18 1 0
github.com/imaanmzr/postchi/backend/internal/importexport/openapi/importer.go:267.17,268.20 1 1
github.com/imaanmzr/postchi/backend/internal/importexport/openapi/importer.go:269.16,270.50 1 0
github.com/imaanmzr/postchi/backend/internal/importexport/openapi/importer.go:271.17,272.30 1 1
github.com/imaanmzr/postchi/backend/internal/importexport/openapi/importer.go:273.21,274.34 1 0
github.com/imaanmzr/postchi/backend/internal/importexport/openapi/importer.go:275.16,276.24 1 0
github.com/imaanmzr/postchi/backend/internal/importexport/openapi/importer.go:277.20,278.22 1 1
github.com/imaanmzr/postchi/backend/internal/importexport/openapi/importer.go:279.12,280.14 1 1
github.com/imaanmzr/postchi/backend/internal/importexport/openapi/importer.go:282.18,283.12 1 1
github.com/imaanmzr/postchi/backend/internal/importexport/openapi/importer.go:284.17,285.14 1 0
github.com/imaanmzr/postchi/backend/internal/importexport/openapi/importer.go:286.18,287.16 1 1
github.com/imaanmzr/postchi/backend/internal/importexport/openapi/importer.go:290.2,290.12 1 0
github.com/imaanmzr/postchi/backend/internal/importexport/openapi/importer.go:293.59,294.15 1 1
github.com/imaanmzr/postchi/backend/internal/importexport/openapi/importer.go:294.15,296.3 1 0
github.com/imaanmzr/postchi/backend/internal/importexport/openapi/importer.go:297.2,298.22 2 1
github.com/imaanmzr/postchi/backend/internal/importexport/openapi/importer.go:298.22,300.3 1 1
github.com/imaanmzr/postchi/backend/internal/importexport/openapi/importer.go:301.2,301.26 1 1
github.com/imaanmzr/postchi/backend/internal/importexport/openapi/importer.go:301.26,303.3 1 0
github.com/imaanmzr/postchi/backend/internal/importexport/openapi/importer.go:304.2,304.22 1 1
github.com/imaanmzr/postchi/backend/internal/importexport/openapi/importer.go:304.22,306.3 1 1
github.com/imaanmzr/postchi/backend/internal/importexport/openapi/importer.go:307.2,307.19 1 1
github.com/imaanmzr/postchi/backend/internal/importexport/openapi/importer.go:307.19,309.3 1 0
github.com/imaanmzr/postchi/backend/internal/importexport/openapi/importer.go:310.2,310.28 1 1
github.com/imaanmzr/postchi/backend/internal/importexport/openapi/importer.go:310.28,312.35 2 1
github.com/imaanmzr/postchi/backend/internal/importexport/openapi/importer.go:312.35,313.22 1 1
github.com/imaanmzr/postchi/backend/internal/importexport/openapi/importer.go:313.22,314.13 1 0
github.com/imaanmzr/postchi/backend/internal/importexport/openapi/importer.go:316.4,322.28 3 1
github.com/imaanmzr/postchi/backend/internal/importexport/openapi/importer.go:322.28,324.5 1 0
github.com/imaanmzr/postchi/backend/internal/importexport/openapi/importer.go:325.4,325.50 1 1
github.com/imaanmzr/postchi/backend/internal/importexport/openapi/importer.go:325.50,327.5 1 1
github.com/imaanmzr/postchi/backend/internal/importexport/openapi/importer.go:328.4,328.34 1 1
github.com/imaanmzr/postchi/backend/internal/importexport/openapi/importer.go:330.3,330.29 1 1
github.com/imaanmzr/postchi/backend/internal/importexport/openapi/importer.go:332.2,332.58 1 1
github.com/imaanmzr/postchi/backend/internal/importexport/openapi/importer.go:332.58,334.3 1 1
github.com/imaanmzr/postchi/backend/internal/importexport/openapi/importer.go:335.2,335.25 1 1
github.com/imaanmzr/postchi/backend/internal/importexport/openapi/importer.go:335.25,337.49 2 1
github.com/imaanmzr/postchi/backend/internal/importexport/openapi/importer.go:337.49,338.28 1 1
github.com/imaanmzr/postchi/backend/internal/importexport/openapi/importer.go:338.28,339.13 1 0
github.com/imaanmzr/postchi/backend/internal/importexport/openapi/importer.go:341.4,341.48 1 1
github.com/imaanmzr/postchi/backend/internal/importexport/openapi/importer.go:343.3,343.25 1 1
github.com/imaanmzr/postchi/backend/internal/importexport/openapi/importer.go:343.25,345.4 1 1
github.com/imaanmzr/postchi/backend/internal/importexport/openapi/importer.go:347.2,347.12 1 1
github.com/imaanmzr/postchi/backend/internal/importexport/openapi/importer.go:350.62,352.26 2 1
github.com/imaanmzr/postchi/backend/internal/importexport/openapi/importer.go:352.26,354.3 1 0
github.com/imaanmzr/postchi/backend/internal/importexport/openapi/importer.go:355.2,355.17 1 1
github.com/imaanmzr/postchi/backend/internal/importexport/openapi/importer.go:355.17,357.3 1 1
github.com/imaanmzr/postchi/backend/internal/importexport/openapi/importer.go:358.2,359.36 2 1
github.com/imaanmzr/postchi/backend/internal/importexport/openapi/importer.go:359.36,361.3 1 1
github.com/imaanmzr/postchi/backend/internal/importexport/openapi/importer.go:362.2,362.22 1 1
github.com/imaanmzr/postchi/backend/internal/importexport/openapi/importer.go:362.22,364.3 1 1
github.com/imaanmzr/postchi/backend/internal/importexport/openapi/importer.go:365.2,365.12 1 1
github.com/imaanmzr/postchi/backend/internal/importexport/openapi/importer.go:368.58,370.56 2 1
github.com/imaanmzr/postchi/backend/internal/importexport/openapi/importer.go:370.56,372.3 1 1
github.com/imaanmzr/postchi/backend/internal/importexport/openapi/importer.go:373.2,374.38 2 1
github.com/imaanmzr/postchi/backend/internal/importexport/openapi/importer.go:374.38,376.3 1 1
github.com/imaanmzr/postchi/backend/internal/importexport/openapi/importer.go:377.2,377.22 1 1
github.com/imaanmzr/postchi/backend/internal/importexport/openapi/importer.go:377.22,379.3 1 1
github.com/imaanmzr/postchi/backend/internal/importexport/openapi/importer.go:380.2,380.12 1 1
github.com/imaanmzr/postchi/backend/internal/importexport/openapi/importer.go:383.57,385.54 2 1
github.com/imaanmzr/postchi/backend/internal/importexport/openapi/importer.go:385.54,387.3 1 1
github.com/imaanmzr/postchi/backend/internal/importexport/openapi/importer.go:388.2,388.26 1 1
github.com/imaanmzr/postchi/backend/internal/importexport/openapi/importer.go:388.26,390.3 1 0
github.com/imaanmzr/postchi/backend/internal/importexport/openapi/importer.go:391.2,391.29 1 1
github.com/imaanmzr/postchi/backend/internal/importexport/openapi/importer.go:391.29,393.37 2 0
github.com/imaanmzr/postchi/backend/internal/importexport/openapi/importer.go:393.37,394.48 1 0
github.com/imaanmzr/postchi/backend/internal/importexport/openapi/importer.go:394.48,396.5 1 0
github.com/imaanmzr/postchi/backend/internal/importexport/openapi/importer.go:398.3,398.24 1 0
github.com/imaanmzr/postchi/backend/internal/importexport/openapi/importer.go:398.24,400.4 1 0
github.com/imaanmzr/postchi/backend/internal/importexport/openapi/importer.go:402.2,402.12 1 1
github.com/imaanmzr/postchi/backend/internal/importexport/openapi/importer.go:405.95,410.15 2 1
github.com/imaanmzr/postchi/backend/internal/importexport/openapi/importer.go:410.15,411.23 1 1
github.com/imaanmzr/postchi/backend/internal/importexport/openapi/importer.go:411.23,413.4 1 1
github.com/imaanmzr/postchi/backend/internal/importexport/openapi/importer.go:414.3,414.27 1 1
github.com/imaanmzr/postchi/backend/internal/importexport/openapi/importer.go:414.27,416.4 1 0
github.com/imaanmzr/postchi/backend/internal/importexport/openapi/importer.go:418.2,418.19 1 1
github.com/imaanmzr/postchi/backend/internal/importexport/openapi/importer.go:418.19,420.3 1 1
github.com/imaanmzr/postchi/backend/internal/importexport/openapi/importer.go:421.2,423.35 3 1
github.com/imaanmzr/postchi/backend/internal/importexport/openapi/importer.go:426.55,427.14 1 1
github.com/imaanmzr/postchi/backend/internal/importexport/openapi/importer.go:427.14,429.3 1 0
github.com/imaanmzr/postchi/backend/internal/importexport/openapi/importer.go:430.2,431.39 2 1
github.com/imaanmzr/postchi/backend/internal/importexport/openapi/importer.go:431.39,433.3 1 1
github.com/imaanmzr/postchi/backend/internal/importexport/openapi/importer.go:434.2,434.20 1 1
github.com/imaanmzr/postchi/backend/internal/importexport/openapi/importer.go:434.20,436.3 1 1
github.com/imaanmzr/postchi/backend/internal/importexport/openapi/importer.go:437.2,437.25 1 1
github.com/imaanmzr/postchi/backend/internal/importexport/openapi/importer.go:437.25,441.3 3 1
github.com/imaanmzr/postchi/backend/internal/importexport/openapi/importer.go:442.2,442.25 1 1
github.com/imaanmzr/postchi/backend/internal/importexport/openapi/importer.go:442.25,444.31 2 1
github.com/imaanmzr/postchi/backend/internal/importexport/openapi/importer.go:444.31,446.4 1 1
github.com/imaanmzr/postchi/backend/internal/importexport/openapi/importer.go:447.3,449.26 3 1
github.com/imaanmzr/postchi/backend/internal/importexport/openapi/importer.go:449.26,451.38 2 1
github.com/imaanmzr/postchi/backend/internal/importexport/openapi/importer.go:451.38,453.5 1 1
github.com/imaanmzr/postchi/backend/internal/importexport/openapi/importer.go:455.3,455.28 1 1
github.com/imaanmzr/postchi/backend/internal/importexport/openapi/importer.go:457.2,457.44 1 1
github.com/imaanmzr/postchi/backend/internal/importexport/openapi/importer.go:457.44,459.3 1 1
github.com/imaanmzr/postchi/backend/internal/importexport/openapi/importer.go:460.2,460.22 1 1
github.com/imaanmzr/postchi/backend/internal/importexport/openapi/importer.go:460.22,462.3 1 1
github.com/imaanmzr/postchi/backend/internal/importexport/openapi/importer.go:463.2,463.21 1 1
github.com/imaanmzr/postchi/backend/internal/importexport/openapi/importer.go:463.21,465.3 1 1
github.com/imaanmzr/postchi/backend/internal/importexport/openapi/importer.go:466.2,466.12 1 1
github.com/imaanmzr/postchi/backend/internal/importexport/openapi/importer.go:470.64,472.16 2 1
github.com/imaanmzr/postchi/backend/internal/importexport/openapi/importer.go:472.16,474.3 1 0
github.com/imaanmzr/postchi/backend/internal/importexport/openapi/importer.go:475.2,475.28 1 1
github.com/imaanmzr/postchi/backend/internal/importexport/bruno_git.go:24.99,26.16 2 1
github.com/imaanmzr/postchi/backend/internal/importexport/bruno_git.go:26.16,28.3 1 0
github.com/imaanmzr/postchi/backend/internal/importexport/bruno_git.go:29.2,30.29 2 1
github.com/imaanmzr/postchi/backend/internal/importexport/bruno_git.go:30.29,31.61 1 1
github.com/imaanmzr/postchi/backend/internal/importexport/bruno_git.go:31.61,32.12 1 1
github.com/imaanmzr/postchi/backend/internal/importexport/bruno_git.go:34.3,34.77 1 1
github.com/imaanmzr/postchi/backend/internal/importexport/bruno_git.go:36.2,36.19 1 1
github.com/imaanmzr/postchi/backend/internal/importexport/bruno_git.go:36.19,38.3 1 0
github.com/imaanmzr/postchi/backend/internal/importexport/bruno_git.go:39.2,39.17 1 1
github.com/imaanmzr/postchi/backend/internal/importexport/bruno_git.go:42.60,46.27 4 1
github.com/imaanmzr/postchi/backend/internal/importexport/bruno_git.go:47.28,48.33 1 1
github.com/imaanmzr/postchi/backend/internal/importexport/bruno_git.go:49.35,51.67 2 1
github.com/imaanmzr/postchi/backend/internal/importexport/bruno_git.go:51.67,53.4 1 0
github.com/imaanmzr/postchi/backend/internal/importexport/bruno_git.go:54.29,56.66 2 0
github.com/imaanmzr/postchi/backend/internal/importexport/bruno_git.go:56.66,58.4 1 0
github.com/imaanmzr/postchi/backend/internal/importexport/bruno_git.go:59.32,60.38 1 1
github.com/imaanmzr/postchi/backend/internal/importexport/bruno_git.go:61.28,62.37 1 1
github.com/imaanmzr/postchi/backend/internal/importexport/bruno_git.go:63.26,64.44 1 1
github.com/imaanmzr/postchi/backend/internal/importexport/bruno_git.go:66.2,67.19 2 1
github.com/imaanmzr/postchi/backend/internal/importexport/bruno_git.go:67.19,69.3 1 1
github.com/imaanmzr/postchi/backend/internal/importexport/bruno_git.go:70.2,70.35 1 1
github.com/imaanmzr/postchi/backend/internal/importexport/bruno_hash.go:8.49,10.2 1 1
github.com/imaanmzr/postchi/backend/internal/importexport/bruno_hash.go:12.93,14.37 2 1
github.com/imaanmzr/postchi/backend/internal/importexport/bruno_hash.go:14.37,15.28 1 1
github.com/imaanmzr/postchi/backend/internal/importexport/bruno_hash.go:15.28,17.4 1 1
github.com/imaanmzr/postchi/backend/internal/importexport/bruno_hash.go:18.3,18.37 1 1
github.com/imaanmzr/postchi/backend/internal/importexport/bruno_hash.go:18.37,19.28 1 1
github.com/imaanmzr/postchi/backend/internal/importexport/bruno_hash.go:19.28,21.5 1 1
github.com/imaanmzr/postchi/backend/internal/importexport/bruno_hash.go:23.3,23.39 1 1
github.com/imaanmzr/postchi/backend/internal/importexport/bruno_hash.go:23.39,25.4 1 1
github.com/imaanmzr/postchi/backend/internal/importexport/bruno_hash.go:27.2,28.38 2 1
github.com/imaanmzr/postchi/backend/internal/importexport/bruno_single.go:12.86,14.41 2 1
github.com/imaanmzr/postchi/backend/internal/importexport/bruno_single.go:14.41,15.54 1 1
github.com/imaanmzr/postchi/backend/internal/importexport/bruno_single.go:15.54,17.4 1 0
github.com/imaanmzr/postchi/backend/internal/importexport/bruno_single.go:18.3,19.17 2 1
github.com/imaanmzr/postchi/backend/internal/importexport/bruno_single.go:19.17,21.4 1 0
github.com/imaanmzr/postchi/backend/internal/importexport/bruno_single.go:22.3,26.18 2 1
github.com/imaanmzr/postchi/backend/internal/importexport/bruno_single.go:28.2,28.47 1 1
github.com/imaanmzr/postchi/backend/internal/importexport/bruno_single.go:28.47,33.21 2 1
github.com/imaanmzr/postchi/backend/internal/importexport/bruno_single.go:33.21,35.4 1 0
github.com/imaanmzr/postchi/backend/internal/importexport/bruno_single.go:36.3,36.18 1 1
github.com/imaanmzr/postchi/backend/internal/importexport/bruno_single.go:38.2,38.80 1 1
github.com/imaanmzr/postchi/backend/internal/importexport/bruno_single.go:41.51,46.2 1 1
github.com/imaanmzr/postchi/backend/internal/importexport/bruno_sources.go:47.76,49.16 2 1
github.com/imaanmzr/postchi/backend/internal/importexport/bruno_sources.go:49.16,52.3 2 1
github.com/imaanmzr/postchi/backend/internal/importexport/bruno_sources.go:53.2,54.16 2 0
github.com/imaanmzr/postchi/backend/internal/importexport/bruno_sources.go:54.16,57.3 2 0
github.com/imaanmzr/postchi/backend/internal/importexport/bruno_sources.go:58.2,59.27 2 0
github.com/imaanmzr/postchi/backend/internal/importexport/bruno_sources.go:59.27,61.3 1 0
github.com/imaanmzr/postchi/backend/internal/importexport/bruno_sources.go:62.2,62.38 1 0
github.com/imaanmzr/postchi/backend/internal/importexport/bruno_sources.go:65.77,67.16 2 0
github.com/imaanmzr/postchi/backend/internal/importexport/bruno_sources.go:67.16,70.3 2 0
github.com/imaanmzr/postchi/backend/internal/importexport/bruno_sources.go:71.2,72.16 2 0
github.com/imaanmzr/postchi/backend/internal/importexport/bruno_sources.go:72.16,75.3 2 0
github.com/imaanmzr/postchi/backend/internal/importexport/bruno_sources.go:76.2,81.98 2 0
github.com/imaanmzr/postchi/backend/internal/importexport/bruno_sources.go:81.98,84.3 2 0
github.com/imaanmzr/postchi/backend/internal/importexport/bruno_sources.go:85.2,86.16 2 0
github.com/imaanmzr/postchi/backend/internal/importexport/bruno_sources.go:86.16,89.3 2 0
github.com/imaanmzr/postchi/backend/internal/importexport/bruno_sources.go:90.2,92.16 3 0
github.com/imaanmzr/postchi/backend/internal/importexport/bruno_sources.go:92.16,95.3 2 0
github.com/imaanmzr/postchi/backend/internal/importexport/bruno_sources.go:96.2,103.16 2 0
github.com/imaanmzr/postchi/backend/internal/importexport/bruno_sources.go:103.16,106.3 2 0
github.com/imaanmzr/postchi/backend/internal/importexport/bruno_sources.go:107.2,109.20 3 0
github.com/imaanmzr/postchi/backend/internal/importexport/bruno_sources.go:109.20,116.3 3 0
github.com/imaanmzr/postchi/backend/internal/importexport/bruno_sources.go:117.2,121.16 2 0
github.com/imaanmzr/postchi/backend/internal/importexport/bruno_sources.go:121.16,124.3 2 0
github.com/imaanmzr/postchi/backend/internal/importexport/bruno_sources.go:125.2,128.4 1 0
github.com/imaanmzr/postchi/backend/internal/importexport/bruno_sources.go:131.77,133.16 2 1
github.com/imaanmzr/postchi/backend/internal/importexport/bruno_sources.go:133.16,136.3 2 0
github.com/imaanmzr/postchi/backend/internal/importexport/bruno_sources.go:137.2,138.16 2 1
github.com/imaanmzr/postchi/backend/internal/importexport/bruno_sources.go:138.16,141.3 2 0
github.com/imaanmzr/postchi/backend/internal/importexport/bruno_sources.go:142.2,147.61 2 1
github.com/imaanmzr/postchi/backend/internal/importexport/bruno_sources.go:147.61,150.3 2 0
github.com/imaanmzr/postchi/backend/internal/importexport/bruno_sources.go:151.2,151.85 1 1
github.com/imaanmzr/postchi/backend/internal/importexport/bruno_sources.go:151.85,154.3 2 1
github.com/imaanmzr/postchi/backend/internal/importexport/bruno_sources.go:155.2,159.20 2 0
github.com/imaanmzr/postchi/backend/internal/importexport/bruno_sources.go:159.20,161.3 1 0
github.com/imaanmzr/postchi/backend/internal/importexport/bruno_sources.go:162.2,162.23 1 0
github.com/imaanmzr/postchi/backend/internal/importexport/bruno_sources.go:162.23,164.17 2 0
github.com/imaanmzr/postchi/backend/internal/importexport/bruno_sources.go:164.17,167.4 2 0
github.com/imaanmzr/postchi/backend/internal/importexport/bruno_sources.go:168.3,169.22 2 0
github.com/imaanmzr/postchi/backend/internal/importexport/bruno_sources.go:171.2,171.58 1 0
github.com/imaanmzr/postchi/backend/internal/importexport/bruno_sources.go:171.58,173.17 2 0
github.com/imaanmzr/postchi/backend/internal/importexport/bruno_sources.go:173.17,176.4 2 0
github.com/imaanmzr/postchi/backend/internal/importexport/bruno_sources.go:177.3,177.41 1 0
github.com/imaanmzr/postchi/backend/internal/importexport/bruno_sources.go:179.2,179.71 1 0
github.com/imaanmzr/postchi/backend/internal/importexport/bruno_sources.go:179.71,182.3 2 0
github.com/imaanmzr/postchi/backend/internal/importexport/bruno_sources.go:183.2,187.16 2 0
github.com/imaanmzr/postchi/backend/internal/importexport/bruno_sources.go:187.16,190.3 2 0
github.com/imaanmzr/postchi/backend/internal/importexport/bruno_sources.go:191.2,191.59 1 0
github.com/imaanmzr/postchi/backend/internal/importexport/bruno_sources.go:194.77,196.16 2 0
github.com/imaanmzr/postchi/backend/internal/importexport/bruno_sources.go:196.16,199.3 2 0
github.com/imaanmzr/postchi/backend/internal/importexport/bruno_sources.go:200.2,201.16 2 0
github.com/imaanmzr/postchi/backend/internal/importexport/bruno_sources.go:201.16,204.3 2 0
github.com/imaanmzr/postchi/backend/internal/importexport/bruno_sources.go:205.2,208.17 1 0
github.com/imaanmzr/postchi/backend/internal/importexport/bruno_sources.go:208.17,211.3 2 0
github.com/imaanmzr/postchi/backend/internal/importexport/bruno_sources.go:212.2,212.103 1 0
github.com/imaanmzr/postchi/backend/internal/importexport/bruno_sources.go:212.103,215.3 2 0
github.com/imaanmzr/postchi/backend/internal/importexport/bruno_sources.go:216.2,219.17 1 0
github.com/imaanmzr/postchi/backend/internal/importexport/bruno_sources.go:219.17,222.3 2 0
github.com/imaanmzr/postchi/backend/internal/importexport/bruno_sources.go:223.2,223.72 1 0
github.com/imaanmzr/postchi/backend/internal/importexport/bruno_sources.go:226.75,228.2 1 0
github.com/imaanmzr/postchi/backend/internal/importexport/bruno_sources.go:230.80,232.2 1 0
github.com/imaanmzr/postchi/backend/internal/importexport/bruno_sources.go:234.80,236.16 2 0
github.com/imaanmzr/postchi/backend/internal/importexport/bruno_sources.go:236.16,239.3 2 0
github.com/imaanmzr/postchi/backend/internal/importexport/bruno_sources.go:240.2,241.16 2 0
github.com/imaanmzr/postchi/backend/internal/importexport/bruno_sources.go:241.16,244.3 2 0
github.com/imaanmzr/postchi/backend/internal/importexport/bruno_sources.go:245.2,246.16 2 0
github.com/imaanmzr/postchi/backend/internal/importexport/bruno_sources.go:246.16,249.3 2 0
github.com/imaanmzr/postchi/backend/internal/importexport/bruno_sources.go:250.2,251.77 2 0
github.com/imaanmzr/postchi/backend/internal/importexport/bruno_sources.go:251.77,254.3 2 0
github.com/imaanmzr/postchi/backend/internal/importexport/bruno_sources.go:255.2,256.20 2 0
github.com/imaanmzr/postchi/backend/internal/importexport/bruno_sources.go:256.20,259.3 2 0
github.com/imaanmzr/postchi/backend/internal/importexport/bruno_sources.go:260.2,260.40 1 0
github.com/imaanmzr/postchi/backend/internal/importexport/bruno_sources.go:263.115,270.16 6 0
github.com/imaanmzr/postchi/backend/internal/importexport/bruno_sources.go:270.16,272.3 1 0
github.com/imaanmzr/postchi/backend/internal/importexport/bruno_sources.go:273.2,274.60 2 0
github.com/imaanmzr/postchi/backend/internal/importexport/bruno_sources.go:274.60,276.3 1 0
github.com/imaanmzr/postchi/backend/internal/importexport/bruno_sources.go:277.2,278.16 2 0
github.com/imaanmzr/postchi/backend/internal/importexport/bruno_sources.go:278.16,280.3 1 0
github.com/imaanmzr/postchi/backend/internal/importexport/bruno_sources.go:281.2,290.91 5 0
github.com/imaanmzr/postchi/backend/internal/importexport/bruno_sources.go:290.91,291.22 1 0
github.com/imaanmzr/postchi/backend/internal/importexport/bruno_sources.go:291.22,293.4 1 0
github.com/imaanmzr/postchi/backend/internal/importexport/bruno_sources.go:294.3,295.17 2 0
github.com/imaanmzr/postchi/backend/internal/importexport/bruno_sources.go:295.17,297.4 1 0
github.com/imaanmzr/postchi/backend/internal/importexport/bruno_sources.go:298.3,298.16 1 0
github.com/imaanmzr/postchi/backend/internal/importexport/bruno_sources.go:301.2,311.16 4 0
github.com/imaanmzr/postchi/backend/internal/importexport/bruno_sources.go:311.16,313.3 1 0
github.com/imaanmzr/postchi/backend/internal/importexport/bruno_sources.go:314.2,315.16 2 0
github.com/imaanmzr/postchi/backend/internal/importexport/bruno_sources.go:315.16,317.3 1 0
github.com/imaanmzr/postchi/backend/internal/importexport/bruno_sources.go:318.2,321.34 4 0
github.com/imaanmzr/postchi/backend/internal/importexport/bruno_sources.go:321.34,323.29 2 0
github.com/imaanmzr/postchi/backend/internal/importexport/bruno_sources.go:323.29,325.4 1 0
github.com/imaanmzr/postchi/backend/internal/importexport/bruno_sources.go:326.3,326.39 1 0
github.com/imaanmzr/postchi/backend/internal/importexport/bruno_sources.go:329.2,331.16 3 0
github.com/imaanmzr/postchi/backend/internal/importexport/bruno_sources.go:331.16,333.3 1 0
github.com/imaanmzr/postchi/backend/internal/importexport/bruno_sources.go:334.2,334.33 1 0
github.com/imaanmzr/postchi/backend/internal/importexport/bruno_sources.go:334.33,336.3 1 0
github.com/imaanmzr/postchi/backend/internal/importexport/bruno_sources.go:337.2,339.16 3 0
github.com/imaanmzr/postchi/backend/internal/importexport/bruno_sources.go:339.16,341.3 1 0
github.com/imaanmzr/postchi/backend/internal/importexport/bruno_sources.go:342.2,342.33 1 0
github.com/imaanmzr/postchi/backend/internal/importexport/bruno_sources.go:342.33,344.3 1 0
github.com/imaanmzr/postchi/backend/internal/importexport/bruno_sources.go:346.2,348.56 3 0
github.com/imaanmzr/postchi/backend/internal/importexport/bruno_sources.go:348.56,349.42 1 0
github.com/imaanmzr/postchi/backend/internal/importexport/bruno_sources.go:349.42,351.18 2 0
github.com/imaanmzr/postchi/backend/internal/importexport/bruno_sources.go:351.18,353.5 1 0
github.com/imaanmzr/postchi/backend/internal/importexport/bruno_sources.go:354.4,354.14 1 0
github.com/imaanmzr/postchi/backend/internal/importexport/bruno_sources.go:354.14,356.5 1 0
github.com/imaanmzr/postchi/backend/internal/importexport/bruno_sources.go:357.4,363.38 7 0
github.com/imaanmzr/postchi/backend/internal/importexport/bruno_sources.go:365.3,369.17 2 0
github.com/imaanmzr/postchi/backend/internal/importexport/bruno_sources.go:369.17,371.4 1 0
github.com/imaanmzr/postchi/backend/internal/importexport/bruno_sources.go:372.3,377.17 3 0
github.com/imaanmzr/postchi/backend/internal/importexport/bruno_sources.go:377.17,379.4 1 0
github.com/imaanmzr/postchi/backend/internal/importexport/bruno_sources.go:380.3,381.65 2 0
github.com/imaanmzr/postchi/backend/internal/importexport/bruno_sources.go:383.2,383.16 1 0
github.com/imaanmzr/postchi/backend/internal/importexport/bruno_sources.go:383.16,384.47 1 0
github.com/imaanmzr/postchi/backend/internal/importexport/bruno_sources.go:384.47,386.4 1 0
github.com/imaanmzr/postchi/backend/internal/importexport/bruno_sources.go:387.3,387.21 1 0
github.com/imaanmzr/postchi/backend/internal/importexport/bruno_sources.go:390.2,390.54 1 0
github.com/imaanmzr/postchi/backend/internal/importexport/bruno_sources.go:390.54,395.3 1 0
github.com/imaanmzr/postchi/backend/internal/importexport/bruno_sources.go:396.2,396.20 1 0
github.com/imaanmzr/postchi/backend/internal/importexport/bruno_sources.go:407.39,410.16 3 0
github.com/imaanmzr/postchi/backend/internal/importexport/bruno_sources.go:410.16,412.3 1 0
github.com/imaanmzr/postchi/backend/internal/importexport/bruno_sources.go:413.2,413.11 1 0
github.com/imaanmzr/postchi/backend/internal/importexport/bruno_sources.go:413.11,415.3 1 0
github.com/imaanmzr/postchi/backend/internal/importexport/bruno_sources.go:415.8,415.33 1 0
github.com/imaanmzr/postchi/backend/internal/importexport/bruno_sources.go:415.33,417.3 1 0
github.com/imaanmzr/postchi/backend/internal/importexport/bruno_sources.go:418.2,418.35 1 0
github.com/imaanmzr/postchi/backend/internal/importexport/bruno_sources.go:418.35,420.17 2 0
github.com/imaanmzr/postchi/backend/internal/importexport/bruno_sources.go:420.17,422.4 1 0
github.com/imaanmzr/postchi/backend/internal/importexport/bruno_sources.go:423.3,423.15 1 0
github.com/imaanmzr/postchi/backend/internal/importexport/bruno_sources.go:423.15,425.4 1 0
github.com/imaanmzr/postchi/backend/internal/importexport/bruno_sources.go:425.9,425.24 1 0
github.com/imaanmzr/postchi/backend/internal/importexport/bruno_sources.go:425.24,427.4 1 0
github.com/imaanmzr/postchi/backend/internal/importexport/bruno_sources.go:429.2,431.37 3 0
github.com/imaanmzr/postchi/backend/internal/importexport/bruno_sources.go:431.37,433.17 2 0
github.com/imaanmzr/postchi/backend/internal/importexport/bruno_sources.go:433.17,435.4 1 0
github.com/imaanmzr/postchi/backend/internal/importexport/bruno_sources.go:436.3,439.54 4 0
github.com/imaanmzr/postchi/backend/internal/importexport/bruno_sources.go:441.2,441.26 1 0
github.com/imaanmzr/postchi/backend/internal/importexport/bruno_sources.go:441.26,448.3 1 0
github.com/imaanmzr/postchi/backend/internal/importexport/bruno_sources.go:449.2,449.27 1 0
github.com/imaanmzr/postchi/backend/internal/importexport/bruno_sources.go:459.28,463.68 4 0
github.com/imaanmzr/postchi/backend/internal/importexport/bruno_sources.go:463.68,478.3 2 0
github.com/imaanmzr/postchi/backend/internal/importexport/bruno_sources.go:479.2,494.16 2 0
github.com/imaanmzr/postchi/backend/internal/importexport/bruno_sources.go:494.16,496.3 1 0
github.com/imaanmzr/postchi/backend/internal/importexport/bruno_sources.go:497.2,497.37 1 0
github.com/imaanmzr/postchi/backend/internal/importexport/bruno_sources.go:506.36,515.44 9 0
github.com/imaanmzr/postchi/backend/internal/importexport/bruno_sources.go:515.44,516.30 1 0
github.com/imaanmzr/postchi/backend/internal/importexport/bruno_sources.go:516.30,518.4 1 0
github.com/imaanmzr/postchi/backend/internal/importexport/bruno_sources.go:519.3,538.26 2 0
github.com/imaanmzr/postchi/backend/internal/importexport/bruno_sources.go:540.2,561.25 2 0
github.com/imaanmzr/postchi/backend/internal/importexport/bruno_sources.go:564.78,565.19 1 1
github.com/imaanmzr/postchi/backend/internal/importexport/bruno_sources.go:565.19,567.3 1 0
github.com/imaanmzr/postchi/backend/internal/importexport/bruno_sources.go:568.2,569.33 2 1
github.com/imaanmzr/postchi/backend/internal/importexport/bruno_sources.go:569.33,570.46 1 1
github.com/imaanmzr/postchi/backend/internal/importexport/bruno_sources.go:570.46,572.4 1 1
github.com/imaanmzr/postchi/backend/internal/importexport/bruno_sources.go:574.2,575.38 2 1
github.com/imaanmzr/postchi/backend/internal/importexport/bruno_sources.go:575.38,577.3 1 1
github.com/imaanmzr/postchi/backend/internal/importexport/bruno_sources.go:578.2,579.16 2 1
github.com/imaanmzr/postchi/backend/internal/importexport/bruno_sources.go:579.16,581.3 1 0
github.com/imaanmzr/postchi/backend/internal/importexport/bruno_sources.go:582.2,585.26 4 1
github.com/imaanmzr/postchi/backend/internal/importexport/bruno_sources.go:585.26,586.26 1 0
github.com/imaanmzr/postchi/backend/internal/importexport/bruno_sources.go:586.26,588.4 1 0
github.com/imaanmzr/postchi/backend/internal/importexport/bruno_sources.go:589.3,589.41 1 0
github.com/imaanmzr/postchi/backend/internal/importexport/bruno_sources.go:591.2,591.74 1 1
github.com/imaanmzr/postchi/backend/internal/importexport/bruno_sources.go:591.74,593.3 1 1
github.com/imaanmzr/postchi/backend/internal/importexport/bruno_sources.go:594.2,594.17 1 1
github.com/imaanmzr/postchi/backend/internal/importexport/bruno_sources.go:597.65,598.39 1 1
github.com/imaanmzr/postchi/backend/internal/importexport/bruno_sources.go:598.39,600.3 1 1
github.com/imaanmzr/postchi/backend/internal/importexport/bruno_sources.go:601.2,601.11 1 0
github.com/imaanmzr/postchi/backend/internal/importexport/bruno_sources.go:604.63,606.15 2 1
github.com/imaanmzr/postchi/backend/internal/importexport/bruno_sources.go:606.15,608.3 1 0
github.com/imaanmzr/postchi/backend/internal/importexport/bruno_sources.go:609.2,609.21 1 1
github.com/imaanmzr/postchi/backend/internal/importexport/bruno_sources.go:609.21,611.3 1 1
github.com/imaanmzr/postchi/backend/internal/importexport/bruno_sources.go:612.2,613.16 2 1
github.com/imaanmzr/postchi/backend/internal/importexport/bruno_sources.go:613.16,615.3 1 0
github.com/imaanmzr/postchi/backend/internal/importexport/bruno_sources.go:616.2,616.18 1 1
github.com/imaanmzr/postchi/backend/internal/importexport/bruno_sources.go:619.70,630.2 1 1
github.com/imaanmzr/postchi/backend/internal/importexport/bruno_sources.go:632.67,643.2 1 1
github.com/imaanmzr/postchi/backend/internal/importexport/bruno_sources.go:645.51,649.2 3 1
github.com/imaanmzr/postchi/backend/internal/importexport/bruno_sources.go:651.48,652.15 1 1
github.com/imaanmzr/postchi/backend/internal/importexport/bruno_sources.go:652.15,654.3 1 1
github.com/imaanmzr/postchi/backend/internal/importexport/bruno_sources.go:655.2,656.11 2 1
github.com/imaanmzr/postchi/backend/internal/importexport/bruno_sources.go:659.55,660.15 1 1
github.com/imaanmzr/postchi/backend/internal/importexport/bruno_sources.go:660.15,662.3 1 1
github.com/imaanmzr/postchi/backend/internal/importexport/bruno_sources.go:663.2,664.11 2 1
github.com/imaanmzr/postchi/backend/internal/importexport/bruno_sources.go:667.52,668.15 1 1
github.com/imaanmzr/postchi/backend/internal/importexport/bruno_sources.go:668.15,670.3 1 1
github.com/imaanmzr/postchi/backend/internal/importexport/bruno_sources.go:671.2,671.43 1 1
github.com/imaanmzr/postchi/backend/internal/importexport/bruno_zip.go:38.59,40.16 2 1
github.com/imaanmzr/postchi/backend/internal/importexport/bruno_zip.go:40.16,42.3 1 1
github.com/imaanmzr/postchi/backend/internal/importexport/bruno_zip.go:43.2,44.31 2 1
github.com/imaanmzr/postchi/backend/internal/importexport/bruno_zip.go:44.31,45.30 1 1
github.com/imaanmzr/postchi/backend/internal/importexport/bruno_zip.go:45.30,46.12 1 0
github.com/imaanmzr/postchi/backend/internal/importexport/bruno_zip.go:48.3,49.56 2 1
github.com/imaanmzr/postchi/backend/internal/importexport/bruno_zip.go:49.56,50.12 1 0
github.com/imaanmzr/postchi/backend/internal/importexport/bruno_zip.go:52.3,53.17 2 1
github.com/imaanmzr/postchi/backend/internal/importexport/bruno_zip.go:53.17,55.4 1 0
github.com/imaanmzr/postchi/backend/internal/importexport/bruno_zip.go:56.3,58.21 3 1
github.com/imaanmzr/postchi/backend/internal/importexport/bruno_zip.go:58.21,60.4 1 0
github.com/imaanmzr/postchi/backend/internal/importexport/bruno_zip.go:61.3,61.22 1 1
github.com/imaanmzr/postchi/backend/internal/importexport/bruno_zip.go:61.22,63.4 1 0
github.com/imaanmzr/postchi/backend/internal/importexport/bruno_zip.go:64.3,64.71 1 1
github.com/imaanmzr/postchi/backend/internal/importexport/bruno_zip.go:66.2,66.59 1 1
github.com/imaanmzr/postchi/backend/internal/importexport/bruno_zip.go:69.100,73.29 3 1
github.com/imaanmzr/postchi/backend/internal/importexport/bruno_zip.go:73.29,75.56 2 1
github.com/imaanmzr/postchi/backend/internal/importexport/bruno_zip.go:75.56,76.12 1 1
github.com/imaanmzr/postchi/backend/internal/importexport/bruno_zip.go:78.3,79.64 2 1
github.com/imaanmzr/postchi/backend/internal/importexport/bruno_zip.go:79.64,80.12 1 1
github.com/imaanmzr/postchi/backend/internal/importexport/bruno_zip.go:82.3,87.46 5 1
github.com/imaanmzr/postchi/backend/internal/importexport/bruno_zip.go:87.46,89.4 1 0
github.com/imaanmzr/postchi/backend/internal/importexport/bruno_zip.go:90.3,93.31 3 1
github.com/imaanmzr/postchi/backend/internal/importexport/bruno_zip.go:93.31,94.42 1 1
github.com/imaanmzr/postchi/backend/internal/importexport/bruno_zip.go:94.42,96.5 1 1
github.com/imaanmzr/postchi/backend/internal/importexport/bruno_zip.go:97.4,97.72 1 1
github.com/imaanmzr/postchi/backend/internal/importexport/bruno_zip.go:97.72,99.5 1 0
github.com/imaanmzr/postchi/backend/internal/importexport/bruno_zip.go:100.4,100.25 1 1
github.com/imaanmzr/postchi/backend/internal/importexport/bruno_zip.go:100.25,102.5 1 1
github.com/imaanmzr/postchi/backend/internal/importexport/bruno_zip.go:103.4,105.43 3 1
github.com/imaanmzr/postchi/backend/internal/importexport/bruno_zip.go:105.43,107.5 1 1
github.com/imaanmzr/postchi/backend/internal/importexport/bruno_zip.go:108.4,108.12 1 1
github.com/imaanmzr/postchi/backend/internal/importexport/bruno_zip.go:111.3,111.31 1 1
github.com/imaanmzr/postchi/backend/internal/importexport/bruno_zip.go:111.31,112.55 1 1
github.com/imaanmzr/postchi/backend/internal/importexport/bruno_zip.go:112.55,114.5 1 1
github.com/imaanmzr/postchi/backend/internal/importexport/bruno_zip.go:116.3,118.21 3 1
github.com/imaanmzr/postchi/backend/internal/importexport/bruno_zip.go:118.21,120.4 1 0
github.com/imaanmzr/postchi/backend/internal/importexport/bruno_zip.go:121.3,121.42 1 1
github.com/imaanmzr/postchi/backend/internal/importexport/bruno_zip.go:121.42,123.4 1 1
github.com/imaanmzr/postchi/backend/internal/importexport/bruno_zip.go:123.9,125.4 1 1
github.com/imaanmzr/postchi/backend/internal/importexport/bruno_zip.go:126.3,126.45 1 1
github.com/imaanmzr/postchi/backend/internal/importexport/bruno_zip.go:129.2,129.47 1 1
github.com/imaanmzr/postchi/backend/internal/importexport/bruno_zip.go:129.47,131.3 1 1
github.com/imaanmzr/postchi/backend/internal/importexport/bruno_zip.go:132.2,132.47 1 1
github.com/imaanmzr/postchi/backend/internal/importexport/bruno_zip.go:132.47,134.3 1 1
github.com/imaanmzr/postchi/backend/internal/importexport/bruno_zip.go:135.2,135.33 1 1
github.com/imaanmzr/postchi/backend/internal/importexport/bruno_zip.go:138.90,139.42 1 1
github.com/imaanmzr/postchi/backend/internal/importexport/bruno_zip.go:139.42,141.3 1 1
github.com/imaanmzr/postchi/backend/internal/importexport/bruno_zip.go:142.2,142.14 1 1
github.com/imaanmzr/postchi/backend/internal/importexport/bruno_zip.go:142.14,144.3 1 0
github.com/imaanmzr/postchi/backend/internal/importexport/bruno_zip.go:145.2,145.66 1 1
github.com/imaanmzr/postchi/backend/internal/importexport/bruno_zip.go:145.66,147.3 1 1
github.com/imaanmzr/postchi/backend/internal/importexport/bruno_zip.go:148.2,148.52 1 1
github.com/imaanmzr/postchi/backend/internal/importexport/bruno_zip.go:148.52,150.3 1 1
github.com/imaanmzr/postchi/backend/internal/importexport/bruno_zip.go:151.2,151.12 1 0
github.com/imaanmzr/postchi/backend/internal/importexport/bruno_zip.go:154.57,155.43 1 1
github.com/imaanmzr/postchi/backend/internal/importexport/bruno_zip.go:155.43,157.3 1 1
github.com/imaanmzr/postchi/backend/internal/importexport/bruno_zip.go:158.2,158.75 1 1
github.com/imaanmzr/postchi/backend/internal/importexport/bruno_zip.go:158.75,159.47 1 1
github.com/imaanmzr/postchi/backend/internal/importexport/bruno_zip.go:159.47,160.94 1 1
github.com/imaanmzr/postchi/backend/internal/importexport/bruno_zip.go:160.94,162.5 1 1
github.com/imaanmzr/postchi/backend/internal/importexport/bruno_zip.go:163.4,163.14 1 1
github.com/imaanmzr/postchi/backend/internal/importexport/bruno_zip.go:166.2,166.51 1 1
github.com/imaanmzr/postchi/backend/internal/importexport/bruno_zip.go:169.62,170.29 1 1
github.com/imaanmzr/postchi/backend/internal/importexport/bruno_zip.go:170.29,171.38 1 1
github.com/imaanmzr/postchi/backend/internal/importexport/bruno_zip.go:171.38,173.4 1 1
github.com/imaanmzr/postchi/backend/internal/importexport/bruno_zip.go:175.2,175.14 1 1
github.com/imaanmzr/postchi/backend/internal/importexport/bruno_zip.go:178.74,181.32 3 1
github.com/imaanmzr/postchi/backend/internal/importexport/bruno_zip.go:181.32,182.17 1 1
github.com/imaanmzr/postchi/backend/internal/importexport/bruno_zip.go:182.17,183.12 1 0
github.com/imaanmzr/postchi/backend/internal/importexport/bruno_zip.go:185.3,186.36 2 1
github.com/imaanmzr/postchi/backend/internal/importexport/bruno_zip.go:186.36,192.4 1 1
github.com/imaanmzr/postchi/backend/internal/importexport/bruno_zip.go:193.3,193.35 1 1
github.com/imaanmzr/postchi/backend/internal/importexport/bruno_zip.go:195.2,195.16 1 1
github.com/imaanmzr/postchi/backend/internal/importexport/bruno_zip.go:198.45,200.9 2 1
github.com/imaanmzr/postchi/backend/internal/importexport/bruno_zip.go:200.9,202.3 1 1
github.com/imaanmzr/postchi/backend/internal/importexport/bruno_zip.go:203.2,203.50 1 1
github.com/imaanmzr/postchi/backend/internal/importexport/bruno_zip.go:203.50,205.38 2 1
github.com/imaanmzr/postchi/backend/internal/importexport/bruno_zip.go:205.38,207.56 2 1
github.com/imaanmzr/postchi/backend/internal/importexport/bruno_zip.go:207.56,209.5 1 1
github.com/imaanmzr/postchi/backend/internal/importexport/bruno_zip.go:212.2,212.11 1 1
github.com/imaanmzr/postchi/backend/internal/importexport/bruno_zip.go:215.55,223.60 2 1
github.com/imaanmzr/postchi/backend/internal/importexport/bruno_zip.go:223.60,225.3 1 1
github.com/imaanmzr/postchi/backend/internal/importexport/bruno_zip.go:226.2,231.40 3 1
github.com/imaanmzr/postchi/backend/internal/importexport/bruno_zip.go:231.40,233.3 1 1
github.com/imaanmzr/postchi/backend/internal/importexport/bruno_zip.go:234.2,234.42 1 1
github.com/imaanmzr/postchi/backend/internal/importexport/bruno_zip.go:234.42,235.61 1 1
github.com/imaanmzr/postchi/backend/internal/importexport/bruno_zip.go:235.61,237.4 1 1
github.com/imaanmzr/postchi/backend/internal/importexport/bruno_zip.go:238.3,238.53 1 0
github.com/imaanmzr/postchi/backend/internal/importexport/bruno_zip.go:240.2,240.36 1 1
github.com/imaanmzr/postchi/backend/internal/importexport/bruno_zip.go:240.36,242.56 2 1
github.com/imaanmzr/postchi/backend/internal/importexport/bruno_zip.go:242.56,244.4 1 0
github.com/imaanmzr/postchi/backend/internal/importexport/bruno_zip.go:245.3,245.59 1 1
github.com/imaanmzr/postchi/backend/internal/importexport/bruno_zip.go:247.2,247.19 1 1
github.com/imaanmzr/postchi/backend/internal/importexport/collection_git.go:27.79,29.2 1 0
github.com/imaanmzr/postchi/backend/internal/importexport/collection_git.go:31.74,33.2 1 0
github.com/imaanmzr/postchi/backend/internal/importexport/collection_git.go:35.83,37.16 2 0
github.com/imaanmzr/postchi/backend/internal/importexport/collection_git.go:37.16,40.3 2 0
github.com/imaanmzr/postchi/backend/internal/importexport/collection_git.go:41.2,42.16 2 0
github.com/imaanmzr/postchi/backend/internal/importexport/collection_git.go:42.16,45.3 2 0
github.com/imaanmzr/postchi/backend/internal/importexport/collection_git.go:46.2,46.84 1 0
github.com/imaanmzr/postchi/backend/internal/importexport/collection_git.go:46.84,49.3 2 0
github.com/imaanmzr/postchi/backend/internal/importexport/collection_git.go:50.2,53.49 4 0
github.com/imaanmzr/postchi/backend/internal/importexport/collection_git.go:53.49,56.3 2 0
github.com/imaanmzr/postchi/backend/internal/importexport/collection_git.go:57.2,61.49 5 0
github.com/imaanmzr/postchi/backend/internal/importexport/collection_git.go:61.49,64.3 2 0
github.com/imaanmzr/postchi/backend/internal/importexport/collection_git.go:66.2,77.16 5 0
github.com/imaanmzr/postchi/backend/internal/importexport/collection_git.go:77.16,80.3 2 0
github.com/imaanmzr/postchi/backend/internal/importexport/collection_git.go:82.2,83.16 2 0
github.com/imaanmzr/postchi/backend/internal/importexport/collection_git.go:83.16,86.3 2 0
github.com/imaanmzr/postchi/backend/internal/importexport/collection_git.go:87.2,89.34 3 0
github.com/imaanmzr/postchi/backend/internal/importexport/collection_git.go:89.34,91.29 2 0
github.com/imaanmzr/postchi/backend/internal/importexport/collection_git.go:91.29,93.4 1 0
github.com/imaanmzr/postchi/backend/internal/importexport/collection_git.go:94.3,95.9 2 0
[...]
github.com/imaanmzr/postchi/backend/internal/importexport/persist.go:76.2,77.16 2 0
github.com/imaanmzr/postchi/backend/internal/importexport/persist.go:77.16,79.3 1 0
github.com/imaanmzr/postchi/backend/internal/importexport/persist.go:80.2,81.16 2 0
github.com/imaanmzr/postchi/backend/internal/importexport/persist.go:81.16,83.3 1 0
github.com/imaanmzr/postchi/backend/internal/importexport/persist.go:84.2,85.16 2 0
github.com/imaanmzr/postchi/backend/internal/importexport/persist.go:85.16,87.3 1 0
github.com/imaanmzr/postchi/backend/internal/importexport/persist.go:88.2,89.16 2 0
github.com/imaanmzr/postchi/backend/internal/importexport/persist.go:89.16,91.3 1 0
github.com/imaanmzr/postchi/backend/internal/importexport/persist.go:92.2,110.16 2 0
github.com/imaanmzr/postchi/backend/internal/importexport/persist.go:110.16,112.3 1 0
github.com/imaanmzr/postchi/backend/internal/importexport/persist.go:113.2,113.12 1 0
github.com/imaanmzr/postchi/backend/internal/importexport/persist.go:116.158,119.57 3 0
github.com/imaanmzr/postchi/backend/internal/importexport/persist.go:119.57,123.3 3 0
github.com/imaanmzr/postchi/backend/internal/importexport/persist.go:124.2,124.16 1 0
github.com/imaanmzr/postchi/backend/internal/importexport/persist.go:124.16,126.3 1 0
github.com/imaanmzr/postchi/backend/internal/importexport/persist.go:127.2,128.24 2 0
github.com/imaanmzr/postchi/backend/internal/importexport/persist.go:131.80,133.16 2 0
github.com/imaanmzr/postchi/backend/internal/importexport/persist.go:133.16,135.3 1 0
github.com/imaanmzr/postchi/backend/internal/importexport/persist.go:136.2,136.13 1 0
github.com/imaanmzr/postchi/backend/internal/importexport/persist.go:136.13,138.3 1 0
github.com/imaanmzr/postchi/backend/internal/importexport/persist.go:139.2,139.12 1 0
github.com/imaanmzr/postchi/backend/internal/importexport/persist.go:142.94,143.55 1 0
github.com/imaanmzr/postchi/backend/internal/importexport/persist.go:143.55,145.3 1 0
github.com/imaanmzr/postchi/backend/internal/importexport/persist.go:146.2,150.16 2 0
github.com/imaanmzr/postchi/backend/internal/importexport/persist.go:150.16,152.3 1 0
github.com/imaanmzr/postchi/backend/internal/importexport/persist.go:153.2,153.41 1 0
github.com/imaanmzr/postchi/backend/internal/importexport/persist.go:153.41,155.3 1 0
github.com/imaanmzr/postchi/backend/internal/importexport/persist.go:156.2,156.12 1 0
github.com/imaanmzr/postchi/backend/internal/importexport/persist.go:159.101,164.16 2 0
github.com/imaanmzr/postchi/backend/internal/importexport/persist.go:164.16,166.3 1 0
github.com/imaanmzr/postchi/backend/internal/importexport/persist.go:167.2,167.12 1 0
github.com/imaanmzr/postchi/backend/internal/importexport/postman.go:88.58,90.16 2 1
github.com/imaanmzr/postchi/backend/internal/importexport/postman.go:90.16,92.3 1 1
github.com/imaanmzr/postchi/backend/internal/importexport/postman.go:93.2,93.31 1 1
github.com/imaanmzr/postchi/backend/internal/importexport/postman.go:96.72,98.51 2 1
github.com/imaanmzr/postchi/backend/internal/importexport/postman.go:98.51,100.3 1 1
github.com/imaanmzr/postchi/backend/internal/importexport/postman.go:101.2,102.33 2 1
github.com/imaanmzr/postchi/backend/internal/importexport/postman.go:102.33,106.3 1 1
github.com/imaanmzr/postchi/backend/internal/importexport/postman.go:107.2,107.31 1 1
github.com/imaanmzr/postchi/backend/internal/importexport/postman.go:107.31,109.32 2 1
github.com/imaanmzr/postchi/backend/internal/importexport/postman.go:109.32,111.4 1 1
github.com/imaanmzr/postchi/backend/internal/importexport/postman.go:111.9,111.33 1 1
github.com/imaanmzr/postchi/backend/internal/importexport/postman.go:111.33,113.4 1 1
github.com/imaanmzr/postchi/backend/internal/importexport/postman.go:115.2,118.69 4 1
github.com/imaanmzr/postchi/backend/internal/importexport/postman.go:121.86,122.29 1 1
github.com/imaanmzr/postchi/backend/internal/importexport/postman.go:122.29,123.26 1 1
github.com/imaanmzr/postchi/backend/internal/importexport/postman.go:123.26,130.34 3 1
github.com/imaanmzr/postchi/backend/internal/importexport/postman.go:130.34,132.34 2 1
github.com/imaanmzr/postchi/backend/internal/importexport/postman.go:132.34,134.6 1 1
github.com/imaanmzr/postchi/backend/internal/importexport/postman.go:134.11,134.35 1 0
github.com/imaanmzr/postchi/backend/internal/importexport/postman.go:134.35,136.6 1 0
github.com/imaanmzr/postchi/backend/internal/importexport/postman.go:138.4,138.26 1 1
github.com/imaanmzr/postchi/backend/internal/importexport/postman.go:138.26,140.5 1 1
github.com/imaanmzr/postchi/backend/internal/importexport/postman.go:141.4,142.12 2 1
github.com/imaanmzr/postchi/backend/internal/importexport/postman.go:144.3,144.32 1 1
github.com/imaanmzr/postchi/backend/internal/importexport/postman.go:144.32,146.12 2 1
github.com/imaanmzr/postchi/backend/internal/importexport/postman.go:148.3,158.31 3 1
github.com/imaanmzr/postchi/backend/internal/importexport/postman.go:158.31,160.4 1 1
github.com/imaanmzr/postchi/backend/internal/importexport/postman.go:160.9,162.4 1 1
github.com/imaanmzr/postchi/backend/internal/importexport/postman.go:163.3,163.41 1 1
github.com/imaanmzr/postchi/backend/internal/importexport/postman.go:163.41,165.4 1 1
github.com/imaanmzr/postchi/backend/internal/importexport/postman.go:166.3,166.31 1 1
github.com/imaanmzr/postchi/backend/internal/importexport/postman.go:166.31,168.4 1 1
github.com/imaanmzr/postchi/backend/internal/importexport/postman.go:169.3,169.33 1 1
github.com/imaanmzr/postchi/backend/internal/importexport/postman.go:169.33,171.33 2 1
github.com/imaanmzr/postchi/backend/internal/importexport/postman.go:171.33,173.5 1 1
github.com/imaanmzr/postchi/backend/internal/importexport/postman.go:173.10,173.34 1 1
github.com/imaanmzr/postchi/backend/internal/importexport/postman.go:173.34,175.5 1 1
github.com/imaanmzr/postchi/backend/internal/importexport/postman.go:177.3,177.49 1 1
github.com/imaanmzr/postchi/backend/internal/importexport/postman.go:181.56,182.23 1 1
github.com/imaanmzr/postchi/backend/internal/importexport/postman.go:183.14,184.16 1 1
github.com/imaanmzr/postchi/backend/internal/importexport/postman.go:185.22,186.71 1 1
github.com/imaanmzr/postchi/backend/internal/importexport/postman.go:186.71,188.4 1 1
github.com/imaanmzr/postchi/backend/internal/importexport/postman.go:189.3,189.60 1 1
github.com/imaanmzr/postchi/backend/internal/importexport/postman.go:191.2,191.16 1 0
github.com/imaanmzr/postchi/backend/internal/importexport/postman.go:194.66,196.45 2 1
github.com/imaanmzr/postchi/backend/internal/importexport/postman.go:196.45,198.3 1 1
github.com/imaanmzr/postchi/backend/internal/importexport/postman.go:199.2,200.9 2 1
github.com/imaanmzr/postchi/backend/internal/importexport/postman.go:200.9,202.3 1 0
github.com/imaanmzr/postchi/backend/internal/importexport/postman.go:203.2,204.25 2 1
github.com/imaanmzr/postchi/backend/internal/importexport/postman.go:204.25,206.10 2 1
github.com/imaanmzr/postchi/backend/internal/importexport/postman.go:206.10,207.12 1 0
github.com/imaanmzr/postchi/backend/internal/importexport/postman.go:209.3,210.16 2 1
github.com/imaanmzr/postchi/backend/internal/importexport/postman.go:210.16,211.12 1 0
github.com/imaanmzr/postchi/backend/internal/importexport/postman.go:213.3,215.84 3 1
github.com/imaanmzr/postchi/backend/internal/importexport/postman.go:217.2,217.15 1 1
github.com/imaanmzr/postchi/backend/internal/importexport/postman.go:220.50,224.49 4 1
github.com/imaanmzr/postchi/backend/internal/importexport/postman.go:224.49,226.3 1 1
github.com/imaanmzr/postchi/backend/internal/importexport/postman.go:227.2,229.20 3 1
github.com/imaanmzr/postchi/backend/internal/importexport/postman.go:229.20,232.3 2 1
github.com/imaanmzr/postchi/backend/internal/importexport/postman.go:233.2,234.48 2 1
github.com/imaanmzr/postchi/backend/internal/importexport/postman.go:234.48,237.3 2 1
github.com/imaanmzr/postchi/backend/internal/importexport/postman.go:238.2,239.19 2 1
github.com/imaanmzr/postchi/backend/internal/importexport/postman.go:242.31,243.23 1 1
github.com/imaanmzr/postchi/backend/internal/importexport/postman.go:244.14,245.30 1 1
github.com/imaanmzr/postchi/backend/internal/importexport/postman.go:246.15,247.12 1 1
github.com/imaanmzr/postchi/backend/internal/importexport/postman.go:247.12,249.4 1 1
github.com/imaanmzr/postchi/backend/internal/importexport/postman.go:250.19,251.62 1 1
github.com/imaanmzr/postchi/backend/internal/importexport/postman.go:251.62,253.4 1 1
github.com/imaanmzr/postchi/backend/internal/importexport/postman.go:255.2,255.11 1 1
github.com/imaanmzr/postchi/backend/internal/importexport/postman.go:258.48,259.23 1 1
github.com/imaanmzr/postchi/backend/internal/importexport/postman.go:260.14,261.11 1 1
github.com/imaanmzr/postchi/backend/internal/importexport/postman.go:262.13,264.23 2 1
github.com/imaanmzr/postchi/backend/internal/importexport/postman.go:264.23,265.42 1 1
github.com/imaanmzr/postchi/backend/internal/importexport/postman.go:265.42,267.5 1 1
github.com/imaanmzr/postchi/backend/internal/importexport/postman.go:269.3,269.34 1 1
github.com/imaanmzr/postchi/backend/internal/importexport/postman.go:270.16,271.30 1 0
github.com/imaanmzr/postchi/backend/internal/importexport/postman.go:273.2,273.11 1 0
github.com/imaanmzr/postchi/backend/internal/importexport/postman.go:276.54,277.14 1 1
github.com/imaanmzr/postchi/backend/internal/importexport/postman.go:277.14,279.3 1 0
github.com/imaanmzr/postchi/backend/internal/importexport/postman.go:280.2,280.16 1 1
github.com/imaanmzr/postchi/backend/internal/importexport/postman.go:281.58,283.40 2 1
github.com/imaanmzr/postchi/backend/internal/importexport/postman.go:283.40,284.57 1 1
github.com/imaanmzr/postchi/backend/internal/importexport/postman.go:284.57,286.5 1 1
github.com/imaanmzr/postchi/backend/internal/importexport/postman.go:286.10,288.5 1 0
github.com/imaanmzr/postchi/backend/internal/importexport/postman.go:290.3,290.20 1 1
github.com/imaanmzr/postchi/backend/internal/importexport/postman.go:290.20,292.4 1 1
github.com/imaanmzr/postchi/backend/internal/importexport/postman.go:293.3,293.66 1 1
github.com/imaanmzr/postchi/backend/internal/importexport/postman.go:294.18,295.89 1 1
github.com/imaanmzr/postchi/backend/internal/importexport/postman.go:296.20,297.91 1 1
github.com/imaanmzr/postchi/backend/internal/importexport/postman.go:298.17,299.68 1 1
github.com/imaanmzr/postchi/backend/internal/importexport/postman.go:300.10,301.18 1 1
github.com/imaanmzr/postchi/backend/internal/importexport/postman.go:301.18,303.4 1 1
github.com/imaanmzr/postchi/backend/internal/importexport/postman.go:304.3,304.40 1 0
github.com/imaanmzr/postchi/backend/internal/importexport/postman.go:308.68,310.27 2 1
github.com/imaanmzr/postchi/backend/internal/importexport/postman.go:310.27,314.3 1 1
github.com/imaanmzr/postchi/backend/internal/importexport/postman.go:315.2,315.12 1 1
github.com/imaanmzr/postchi/backend/internal/importexport/postman.go:318.74,320.27 2 1
github.com/imaanmzr/postchi/backend/internal/importexport/postman.go:320.27,324.3 1 1
github.com/imaanmzr/postchi/backend/internal/importexport/postman.go:325.2,325.12 1 1
github.com/imaanmzr/postchi/backend/internal/importexport/postman.go:328.54,329.52 1 1
github.com/imaanmzr/postchi/backend/internal/importexport/postman.go:329.52,331.3 1 1
github.com/imaanmzr/postchi/backend/internal/importexport/postman.go:332.2,332.25 1 1
github.com/imaanmzr/postchi/backend/internal/importexport/postman.go:332.25,334.3 1 1
github.com/imaanmzr/postchi/backend/internal/importexport/postman.go:335.2,336.16 2 1
github.com/imaanmzr/postchi/backend/internal/importexport/postman.go:337.16,338.41 1 1
github.com/imaanmzr/postchi/backend/internal/importexport/postman.go:339.15,340.40 1 1
github.com/imaanmzr/postchi/backend/internal/importexport/postman.go:341.16,342.41 1 1
github.com/imaanmzr/postchi/backend/internal/importexport/postman.go:344.2,344.12 1 1
github.com/imaanmzr/postchi/backend/internal/importexport/postman.go:347.73,348.19 1 1
github.com/imaanmzr/postchi/backend/internal/importexport/postman.go:348.19,350.3 1 0
github.com/imaanmzr/postchi/backend/internal/importexport/postman.go:351.2,352.34 2 1
github.com/imaanmzr/postchi/backend/internal/importexport/postman.go:352.34,354.41 2 1
github.com/imaanmzr/postchi/backend/internal/importexport/postman.go:354.41,355.29 1 1
github.com/imaanmzr/postchi/backend/internal/importexport/postman.go:355.29,357.5 1 1
github.com/imaanmzr/postchi/backend/internal/importexport/postman.go:359.3,359.9 1 1
github.com/imaanmzr/postchi/backend/internal/importexport/postman.go:361.2,362.38 2 1
github.com/imaanmzr/postchi/backend/internal/importexport/postman.go:362.38,363.56 1 1
github.com/imaanmzr/postchi/backend/internal/importexport/postman.go:363.56,366.4 2 1
github.com/imaanmzr/postchi/backend/internal/importexport/postman.go:367.3,367.25 1 0
github.com/imaanmzr/postchi/backend/internal/importexport/postman.go:367.25,369.4 1 0
github.com/imaanmzr/postchi/backend/internal/importexport/postman.go:373.39,374.21 1 1
github.com/imaanmzr/postchi/backend/internal/importexport/postman.go:374.21,376.3 1 1
github.com/imaanmzr/postchi/backend/internal/importexport/postman.go:377.2,378.34 2 1
github.com/imaanmzr/postchi/backend/internal/importexport/postman.go:378.34,380.3 1 1
github.com/imaanmzr/postchi/backend/internal/importexport/postman.go:381.2,381.12 1 1
github.com/imaanmzr/postchi/backend/internal/importexport/postman.go:384.67,392.2 1 1
github.com/imaanmzr/postchi/backend/internal/importexport/postman.go:394.53,396.37 2 1
github.com/imaanmzr/postchi/backend/internal/importexport/postman.go:396.37,401.3 1 1
github.com/imaanmzr/postchi/backend/internal/importexport/postman.go:402.2,402.35 1 1
github.com/imaanmzr/postchi/backend/internal/importexport/postman.go:402.35,404.33 2 1
github.com/imaanmzr/postchi/backend/internal/importexport/postman.go:404.33,406.4 1 1
github.com/imaanmzr/postchi/backend/internal/importexport/postman.go:407.3,412.53 2 1
github.com/imaanmzr/postchi/backend/internal/importexport/postman.go:412.53,414.4 1 0
github.com/imaanmzr/postchi/backend/internal/importexport/postman.go:415.3,416.57 2 1
github.com/imaanmzr/postchi/backend/internal/importexport/postman.go:416.57,418.34 2 1
github.com/imaanmzr/postchi/backend/internal/importexport/postman.go:418.34,420.5 1 0
github.com/imaanmzr/postchi/backend/internal/importexport/postman.go:421.4,421.28 1 1
github.com/imaanmzr/postchi/backend/internal/importexport/postman.go:421.28,423.5 1 1
github.com/imaanmzr/postchi/backend/internal/importexport/postman.go:424.4,424.26 1 1
github.com/imaanmzr/postchi/backend/internal/importexport/postman.go:426.3,426.30 1 1
github.com/imaanmzr/postchi/backend/internal/importexport/postman.go:428.2,428.14 1 1
github.com/imaanmzr/postchi/backend/internal/importexport/repository_parse.go:19.96,21.29 2 1
github.com/imaanmzr/postchi/backend/internal/importexport/repository_parse.go:21.29,23.17 2 1
github.com/imaanmzr/postchi/backend/internal/importexport/repository_parse.go:23.17,25.18 2 1
github.com/imaanmzr/postchi/backend/internal/importexport/repository_parse.go:25.18,27.5 1 0
github.com/imaanmzr/postchi/backend/internal/importexport/repository_parse.go:28.4,29.12 2 1
github.com/imaanmzr/postchi/backend/internal/importexport/repository_parse.go:31.3,31.36 1 1
github.com/imaanmzr/postchi/backend/internal/importexport/repository_parse.go:31.36,33.18 2 1
github.com/imaanmzr/postchi/backend/internal/importexport/repository_parse.go:33.18,35.5 1 1
github.com/imaanmzr/postchi/backend/internal/importexport/repository_parse.go:36.4,37.12 2 1
github.com/imaanmzr/postchi/backend/internal/importexport/repository_parse.go:39.3,39.49 1 1
github.com/imaanmzr/postchi/backend/internal/importexport/repository_parse.go:41.2,41.12 1 1
github.com/imaanmzr/postchi/backend/internal/importexport/repository_parse.go:44.101,45.21 1 1
github.com/imaanmzr/postchi/backend/internal/importexport/repository_parse.go:46.26,48.35 2 1
github.com/imaanmzr/postchi/backend/internal/importexport/repository_parse.go:48.35,50.4 1 1
github.com/imaanmzr/postchi/backend/internal/importexport/repository_parse.go:51.3,52.26 2 1
github.com/imaanmzr/postchi/backend/internal/importexport/repository_parse.go:52.26,54.4 1 1
github.com/imaanmzr/postchi/backend/internal/importexport/repository_parse.go:55.3,59.5 1 1
github.com/imaanmzr/postchi/backend/internal/importexport/repository_parse.go:60.28,62.17 2 1
github.com/imaanmzr/postchi/backend/internal/importexport/repository_parse.go:62.17,64.4 1 1
github.com/imaanmzr/postchi/backend/internal/importexport/repository_parse.go:65.3,67.18 3 1
github.com/imaanmzr/postchi/backend/internal/importexport/repository_parse.go:68.35,70.17 2 1
github.com/imaanmzr/postchi/backend/internal/importexport/repository_parse.go:70.17,72.4 1 0
github.com/imaanmzr/postchi/backend/internal/importexport/repository_parse.go:73.3,75.18 3 1
github.com/imaanmzr/postchi/backend/internal/importexport/repository_parse.go:76.28,79.17 3 1
github.com/imaanmzr/postchi/backend/internal/importexport/repository_parse.go:79.17,81.4 1 0
github.com/imaanmzr/postchi/backend/internal/importexport/repository_parse.go:82.3,83.31 2 1
github.com/imaanmzr/postchi/backend/internal/importexport/repository_parse.go:83.31,85.18 2 1
github.com/imaanmzr/postchi/backend/internal/importexport/repository_parse.go:85.18,87.5 1 0
github.com/imaanmzr/postchi/backend/internal/importexport/repository_parse.go:88.4,88.59 1 1
github.com/imaanmzr/postchi/backend/internal/importexport/repository_parse.go:90.3,90.18 1 1
github.com/imaanmzr/postchi/backend/internal/importexport/repository_parse.go:91.10,92.62 1 1
github.com/imaanmzr/postchi/backend/internal/importexport/repository_parse.go:96.59,97.42 1 1
github.com/imaanmzr/postchi/backend/internal/importexport/repository_parse.go:97.42,99.3 1 1
github.com/imaanmzr/postchi/backend/internal/importexport/repository_parse.go:100.2,100.30 1 1
github.com/imaanmzr/postchi/backend/internal/importexport/repository_parse.go:100.30,101.39 1 1
github.com/imaanmzr/postchi/backend/internal/importexport/repository_parse.go:101.39,103.4 1 1
github.com/imaanmzr/postchi/backend/internal/importexport/repository_parse.go:105.2,105.30 1 1
github.com/imaanmzr/postchi/backend/internal/importexport/repository_parse.go:105.30,107.33 2 1
github.com/imaanmzr/postchi/backend/internal/importexport/repository_parse.go:107.33,109.4 1 1
github.com/imaanmzr/postchi/backend/internal/importexport/repository_parse.go:110.3,110.48 1 1
github.com/imaanmzr/postchi/backend/internal/importexport/repository_parse.go:114.52,117.2 2 1
github.com/imaanmzr/postchi/backend/internal/importexport/repository_parse.go:119.43,121.16 2 1
github.com/imaanmzr/postchi/backend/internal/importexport/repository_parse.go:121.16,123.3 1 1
github.com/imaanmzr/postchi/backend/internal/importexport/repository_parse.go:124.2,125.28 2 1
github.com/imaanmzr/postchi/backend/internal/importexport/repository_parse.go:128.38,129.51 1 1
github.com/imaanmzr/postchi/backend/internal/importexport/repository_parse.go:129.51,131.3 1 1
github.com/imaanmzr/postchi/backend/internal/importexport/repository_parse.go:132.2,132.11 1 1
github.com/imaanmzr/postchi/backend/internal/importexport/repository_parse.go:135.101,136.34 1 1
github.com/imaanmzr/postchi/backend/internal/importexport/repository_parse.go:136.34,140.3 3 1
github.com/imaanmzr/postchi/backend/internal/importexport/repository_parse.go:141.2,141.38 1 1
github.com/imaanmzr/postchi/backend/internal/importexport/result.go:15.35,17.2 1 1
github.com/imaanmzr/postchi/backend/internal/importexport/result.go:19.76,22.37 3 1
github.com/imaanmzr/postchi/backend/internal/importexport/result.go:22.37,26.3 3 1
github.com/imaanmzr/postchi/backend/internal/importexport/result.go:27.2,27.30 1 1
github.com/imaanmzr/postchi/backend/internal/importexport/sync_mutex.go:9.67,12.2 2 1
